[2024-11-13T18:42:46.693+0000] {local_task_job_runner.py:120} INFO - ::group::Pre task execution logs
[2024-11-13T18:42:46.736+0000] {taskinstance.py:2076} INFO - Dependencies all met for dep_context=non-requeueable deps ti=<TaskInstance: BuildELT_dbt.dbt_run manual__2024-11-13T18:42:45.746845+00:00 [queued]>
[2024-11-13T18:42:46.747+0000] {taskinstance.py:2076} INFO - Dependencies all met for dep_context=requeueable deps ti=<TaskInstance: BuildELT_dbt.dbt_run manual__2024-11-13T18:42:45.746845+00:00 [queued]>
[2024-11-13T18:42:46.748+0000] {taskinstance.py:2306} INFO - Starting attempt 1 of 1
[2024-11-13T18:42:46.769+0000] {taskinstance.py:2330} INFO - Executing <Task(BashOperator): dbt_run> on 2024-11-13 18:42:45.746845+00:00
[2024-11-13T18:42:46.779+0000] {standard_task_runner.py:90} INFO - Running: ['***', 'tasks', 'run', 'BuildELT_dbt', 'dbt_run', 'manual__2024-11-13T18:42:45.746845+00:00', '--job-id', '177', '--raw', '--subdir', 'DAGS_FOLDER/build_elt_with_dbt.py', '--cfg-path', '/tmp/tmpiv40v2d_']
[2024-11-13T18:42:46.782+0000] {standard_task_runner.py:91} INFO - Job 177: Subtask dbt_run
[2024-11-13T18:42:46.785+0000] {logging_mixin.py:188} WARNING - /home/***/.local/lib/python3.12/site-packages/***/task/task_runner/standard_task_runner.py:61 DeprecationWarning: This process (pid=1064) is multi-threaded, use of fork() may lead to deadlocks in the child.
[2024-11-13T18:42:46.786+0000] {standard_task_runner.py:63} INFO - Started process 1065 to run task
[2024-11-13T18:42:46.844+0000] {task_command.py:426} INFO - Running <TaskInstance: BuildELT_dbt.dbt_run manual__2024-11-13T18:42:45.746845+00:00 [running]> on host d7a7afbedfaf
[2024-11-13T18:42:47.042+0000] {taskinstance.py:2648} INFO - Exporting env vars: AIRFLOW_CTX_DAG_OWNER='***' AIRFLOW_CTX_DAG_ID='BuildELT_dbt' AIRFLOW_CTX_TASK_ID='dbt_run' AIRFLOW_CTX_EXECUTION_DATE='2024-11-13T18:42:45.746845+00:00' AIRFLOW_CTX_TRY_NUMBER='1' AIRFLOW_CTX_DAG_RUN_ID='manual__2024-11-13T18:42:45.746845+00:00'
[2024-11-13T18:42:47.044+0000] {taskinstance.py:430} INFO - ::endgroup::
[2024-11-13T18:42:47.069+0000] {subprocess.py:63} INFO - Tmp dir root location: /tmp
[2024-11-13T18:42:47.072+0000] {subprocess.py:75} INFO - Running command: ['/usr/bin/bash', '-c', '/home/***/.local/bin/dbt run --profiles-dir /opt/***/dbt --project-dir /opt/***/dbt']
[2024-11-13T18:42:47.103+0000] {subprocess.py:86} INFO - Output:
[2024-11-13T18:42:49.733+0000] {subprocess.py:93} INFO - [0m18:42:49  Running with dbt=1.8.7
[2024-11-13T18:42:51.061+0000] {subprocess.py:93} INFO - [0m18:42:51  Registered adapter: snowflake=1.8.4
[2024-11-13T18:42:52.123+0000] {subprocess.py:93} INFO - [0m18:42:52  Found 6 models, 1 snapshot, 2 data tests, 2 sources, 459 macros
[2024-11-13T18:42:52.129+0000] {subprocess.py:93} INFO - [0m18:42:52
[2024-11-13T18:42:54.405+0000] {subprocess.py:93} INFO - [0m18:42:54  Concurrency: 1 threads (target='dev')
[2024-11-13T18:42:54.405+0000] {subprocess.py:93} INFO - [0m18:42:54
[2024-11-13T18:42:54.519+0000] {subprocess.py:93} INFO - [0m18:42:54  1 of 1 START sql table model analytics.stock_indicators ........................ [RUN]
[2024-11-13T18:42:55.277+0000] {subprocess.py:93} INFO - [0m18:42:55  1 of 1 ERROR creating sql table model analytics.stock_indicators ............... [[31mERROR[0m in 0.75s]
[2024-11-13T18:42:55.285+0000] {subprocess.py:93} INFO - [0m18:42:55
[2024-11-13T18:42:55.286+0000] {subprocess.py:93} INFO - [0m18:42:55  Finished running 1 table model in 0 hours 0 minutes and 3.15 seconds (3.15s).
[2024-11-13T18:42:55.358+0000] {subprocess.py:93} INFO - [0m18:42:55
[2024-11-13T18:42:55.359+0000] {subprocess.py:93} INFO - [0m18:42:55  [31mCompleted with 1 error and 0 warnings:[0m
[2024-11-13T18:42:55.360+0000] {subprocess.py:93} INFO - [0m18:42:55
[2024-11-13T18:42:55.361+0000] {subprocess.py:93} INFO - [0m18:42:55    Database Error in model stock_indicators (models/output/stock_indicators.sql)
[2024-11-13T18:42:55.362+0000] {subprocess.py:93} INFO -   001003 (42000): SQL compilation error:
[2024-11-13T18:42:55.362+0000] {subprocess.py:93} INFO -   syntax error line 118 at position 8 unexpected ';'.
[2024-11-13T18:42:55.363+0000] {subprocess.py:93} INFO -   compiled code at target/run/lab2/models/output/stock_indicators.sql
[2024-11-13T18:42:55.363+0000] {subprocess.py:93} INFO - [0m18:42:55
[2024-11-13T18:42:55.363+0000] {subprocess.py:93} INFO - [0m18:42:55  Done. PASS=0 WARN=0 ERROR=1 SKIP=0 TOTAL=1
[2024-11-13T18:42:56.204+0000] {subprocess.py:97} INFO - Command exited with return code 1
[2024-11-13T18:42:56.206+0000] {taskinstance.py:441} INFO - ::group::Post task execution logs
[2024-11-13T18:42:56.219+0000] {taskinstance.py:2905} ERROR - Task failed with exception
Traceback (most recent call last):
  File "/home/airflow/.local/lib/python3.12/site-packages/airflow/models/taskinstance.py", line 465, in _execute_task
    result = _execute_callable(context=context, **execute_callable_kwargs)
             ^^^^^^^^^^^^^^^^^^^^^^^^^^^^^^^^^^^^^^^^^^^^^^^^^^^^^^^^^^^^^
  File "/home/airflow/.local/lib/python3.12/site-packages/airflow/models/taskinstance.py", line 432, in _execute_callable
    return execute_callable(context=context, **execute_callable_kwargs)
           ^^^^^^^^^^^^^^^^^^^^^^^^^^^^^^^^^^^^^^^^^^^^^^^^^^^^^^^^^^^^
  File "/home/airflow/.local/lib/python3.12/site-packages/airflow/models/baseoperator.py", line 400, in wrapper
    return func(self, *args, **kwargs)
           ^^^^^^^^^^^^^^^^^^^^^^^^^^^
  File "/home/airflow/.local/lib/python3.12/site-packages/airflow/operators/bash.py", line 243, in execute
    raise AirflowException(
airflow.exceptions.AirflowException: Bash command failed. The command returned a non-zero exit code 1.
[2024-11-13T18:42:56.228+0000] {taskinstance.py:1206} INFO - Marking task as FAILED. dag_id=BuildELT_dbt, task_id=dbt_run, run_id=manual__2024-11-13T18:42:45.746845+00:00, execution_date=20241113T184245, start_date=20241113T184246, end_date=20241113T184256
[2024-11-13T18:42:56.250+0000] {standard_task_runner.py:110} ERROR - Failed to execute job 177 for task dbt_run (Bash command failed. The command returned a non-zero exit code 1.; 1065)
[2024-11-13T18:42:56.292+0000] {local_task_job_runner.py:240} INFO - Task exited with return code 1
[2024-11-13T18:42:56.319+0000] {taskinstance.py:3498} INFO - 0 downstream tasks scheduled from follow-on schedule check
[2024-11-13T18:42:56.327+0000] {local_task_job_runner.py:222} INFO - ::endgroup::
