[2024-11-12T03:25:32.967+0000] {local_task_job_runner.py:120} INFO - ::group::Pre task execution logs
[2024-11-12T03:25:33.081+0000] {taskinstance.py:2076} INFO - Dependencies all met for dep_context=non-requeueable deps ti=<TaskInstance: BuildELT_dbt.dbt_run manual__2024-11-12T03:25:31.725442+00:00 [queued]>
[2024-11-12T03:25:33.102+0000] {taskinstance.py:2076} INFO - Dependencies all met for dep_context=requeueable deps ti=<TaskInstance: BuildELT_dbt.dbt_run manual__2024-11-12T03:25:31.725442+00:00 [queued]>
[2024-11-12T03:25:33.104+0000] {taskinstance.py:2306} INFO - Starting attempt 1 of 1
[2024-11-12T03:25:33.133+0000] {taskinstance.py:2330} INFO - Executing <Task(BashOperator): dbt_run> on 2024-11-12 03:25:31.725442+00:00
[2024-11-12T03:25:33.151+0000] {standard_task_runner.py:90} INFO - Running: ['***', 'tasks', 'run', 'BuildELT_dbt', 'dbt_run', 'manual__2024-11-12T03:25:31.725442+00:00', '--job-id', '142', '--raw', '--subdir', 'DAGS_FOLDER/build_elt_with_dbt.py', '--cfg-path', '/tmp/tmp0c99zs6r']
[2024-11-12T03:25:33.154+0000] {standard_task_runner.py:91} INFO - Job 142: Subtask dbt_run
[2024-11-12T03:25:33.159+0000] {logging_mixin.py:188} WARNING - /home/***/.local/lib/python3.12/site-packages/***/task/task_runner/standard_task_runner.py:61 DeprecationWarning: This process (pid=1834) is multi-threaded, use of fork() may lead to deadlocks in the child.
[2024-11-12T03:25:33.161+0000] {standard_task_runner.py:63} INFO - Started process 1837 to run task
[2024-11-12T03:25:33.250+0000] {task_command.py:426} INFO - Running <TaskInstance: BuildELT_dbt.dbt_run manual__2024-11-12T03:25:31.725442+00:00 [running]> on host e9e87141c083
[2024-11-12T03:25:33.574+0000] {taskinstance.py:2648} INFO - Exporting env vars: AIRFLOW_CTX_DAG_OWNER='***' AIRFLOW_CTX_DAG_ID='BuildELT_dbt' AIRFLOW_CTX_TASK_ID='dbt_run' AIRFLOW_CTX_EXECUTION_DATE='2024-11-12T03:25:31.725442+00:00' AIRFLOW_CTX_TRY_NUMBER='1' AIRFLOW_CTX_DAG_RUN_ID='manual__2024-11-12T03:25:31.725442+00:00'
[2024-11-12T03:25:33.576+0000] {taskinstance.py:430} INFO - ::endgroup::
[2024-11-12T03:25:33.640+0000] {subprocess.py:63} INFO - Tmp dir root location: /tmp
[2024-11-12T03:25:33.651+0000] {subprocess.py:75} INFO - Running command: ['/usr/bin/bash', '-c', '/home/***/.local/bin/dbt run --profiles-dir /opt/***/dbt --project-dir /opt/***/dbt']
[2024-11-12T03:25:33.685+0000] {subprocess.py:86} INFO - Output:
[2024-11-12T03:25:38.055+0000] {subprocess.py:93} INFO - [0m03:25:38  Running with dbt=1.8.7
[2024-11-12T03:25:40.689+0000] {subprocess.py:93} INFO - [0m03:25:40  Registered adapter: snowflake=1.8.4
[2024-11-12T03:25:41.925+0000] {subprocess.py:93} INFO - [0m03:25:41  Found 5 models, 1 snapshot, 2 data tests, 2 sources, 459 macros
[2024-11-12T03:25:41.929+0000] {subprocess.py:93} INFO - [0m03:25:41
[2024-11-12T03:25:43.930+0000] {subprocess.py:93} INFO - [0m03:25:43  Concurrency: 1 threads (target='dev')
[2024-11-12T03:25:43.931+0000] {subprocess.py:93} INFO - [0m03:25:43
[2024-11-12T03:25:44.015+0000] {subprocess.py:93} INFO - [0m03:25:44  1 of 1 START sql table model analytics.stock_indicators ........................ [RUN]
[2024-11-12T03:25:44.689+0000] {subprocess.py:93} INFO - [0m03:25:44  1 of 1 ERROR creating sql table model analytics.stock_indicators ............... [[31mERROR[0m in 0.67s]
[2024-11-12T03:25:44.695+0000] {subprocess.py:93} INFO - [0m03:25:44
[2024-11-12T03:25:44.695+0000] {subprocess.py:93} INFO - [0m03:25:44  Finished running 1 table model in 0 hours 0 minutes and 2.76 seconds (2.76s).
[2024-11-12T03:25:44.747+0000] {subprocess.py:93} INFO - [0m03:25:44
[2024-11-12T03:25:44.748+0000] {subprocess.py:93} INFO - [0m03:25:44  [31mCompleted with 1 error and 0 warnings:[0m
[2024-11-12T03:25:44.749+0000] {subprocess.py:93} INFO - [0m03:25:44
[2024-11-12T03:25:44.750+0000] {subprocess.py:93} INFO - [0m03:25:44    Database Error in model stock_indicators (models/output/stock_indicators.sql)
[2024-11-12T03:25:44.750+0000] {subprocess.py:93} INFO -   001003 (42000): SQL compilation error:
[2024-11-12T03:25:44.751+0000] {subprocess.py:93} INFO -   syntax error line 86 at position 4 unexpected 'daily'.
[2024-11-12T03:25:44.751+0000] {subprocess.py:93} INFO -   syntax error line 86 at position 24 unexpected 'daily'.
[2024-11-12T03:25:44.752+0000] {subprocess.py:93} INFO -   compiled code at target/run/lab2/models/output/stock_indicators.sql
[2024-11-12T03:25:44.752+0000] {subprocess.py:93} INFO - [0m03:25:44
[2024-11-12T03:25:44.752+0000] {subprocess.py:93} INFO - [0m03:25:44  Done. PASS=0 WARN=0 ERROR=1 SKIP=0 TOTAL=1
[2024-11-12T03:25:45.563+0000] {subprocess.py:97} INFO - Command exited with return code 1
[2024-11-12T03:25:45.566+0000] {taskinstance.py:441} INFO - ::group::Post task execution logs
[2024-11-12T03:25:45.578+0000] {taskinstance.py:2905} ERROR - Task failed with exception
Traceback (most recent call last):
  File "/home/airflow/.local/lib/python3.12/site-packages/airflow/models/taskinstance.py", line 465, in _execute_task
    result = _execute_callable(context=context, **execute_callable_kwargs)
             ^^^^^^^^^^^^^^^^^^^^^^^^^^^^^^^^^^^^^^^^^^^^^^^^^^^^^^^^^^^^^
  File "/home/airflow/.local/lib/python3.12/site-packages/airflow/models/taskinstance.py", line 432, in _execute_callable
    return execute_callable(context=context, **execute_callable_kwargs)
           ^^^^^^^^^^^^^^^^^^^^^^^^^^^^^^^^^^^^^^^^^^^^^^^^^^^^^^^^^^^^
  File "/home/airflow/.local/lib/python3.12/site-packages/airflow/models/baseoperator.py", line 400, in wrapper
    return func(self, *args, **kwargs)
           ^^^^^^^^^^^^^^^^^^^^^^^^^^^
  File "/home/airflow/.local/lib/python3.12/site-packages/airflow/operators/bash.py", line 243, in execute
    raise AirflowException(
airflow.exceptions.AirflowException: Bash command failed. The command returned a non-zero exit code 1.
[2024-11-12T03:25:45.586+0000] {taskinstance.py:1206} INFO - Marking task as FAILED. dag_id=BuildELT_dbt, task_id=dbt_run, run_id=manual__2024-11-12T03:25:31.725442+00:00, execution_date=20241112T032531, start_date=20241112T032533, end_date=20241112T032545
[2024-11-12T03:25:45.604+0000] {standard_task_runner.py:110} ERROR - Failed to execute job 142 for task dbt_run (Bash command failed. The command returned a non-zero exit code 1.; 1837)
[2024-11-12T03:25:45.624+0000] {local_task_job_runner.py:240} INFO - Task exited with return code 1
[2024-11-12T03:25:45.689+0000] {taskinstance.py:3498} INFO - 0 downstream tasks scheduled from follow-on schedule check
[2024-11-12T03:25:45.698+0000] {local_task_job_runner.py:222} INFO - ::endgroup::
