[2024-11-12T02:36:55.858+0000] {local_task_job_runner.py:120} INFO - ::group::Pre task execution logs
[2024-11-12T02:36:56.508+0000] {taskinstance.py:2076} INFO - Dependencies all met for dep_context=non-requeueable deps ti=<TaskInstance: BuildELT_dbt.dbt_run manual__2024-11-12T02:36:49.829928+00:00 [queued]>
[2024-11-12T02:36:56.554+0000] {taskinstance.py:2076} INFO - Dependencies all met for dep_context=requeueable deps ti=<TaskInstance: BuildELT_dbt.dbt_run manual__2024-11-12T02:36:49.829928+00:00 [queued]>
[2024-11-12T02:36:56.555+0000] {taskinstance.py:2306} INFO - Starting attempt 1 of 1
[2024-11-12T02:36:56.669+0000] {taskinstance.py:2330} INFO - Executing <Task(BashOperator): dbt_run> on 2024-11-12 02:36:49.829928+00:00
[2024-11-12T02:36:56.730+0000] {standard_task_runner.py:90} INFO - Running: ['***', 'tasks', 'run', 'BuildELT_dbt', 'dbt_run', 'manual__2024-11-12T02:36:49.829928+00:00', '--job-id', '123', '--raw', '--subdir', 'DAGS_FOLDER/build_elt_with_dbt.py', '--cfg-path', '/tmp/tmpa2e_d0uy']
[2024-11-12T02:36:56.751+0000] {logging_mixin.py:188} WARNING - /home/***/.local/lib/python3.12/site-packages/***/task/task_runner/standard_task_runner.py:61 DeprecationWarning: This process (pid=509) is multi-threaded, use of fork() may lead to deadlocks in the child.
[2024-11-12T02:36:56.755+0000] {standard_task_runner.py:91} INFO - Job 123: Subtask dbt_run
[2024-11-12T02:36:56.756+0000] {standard_task_runner.py:63} INFO - Started process 512 to run task
[2024-11-12T02:36:56.990+0000] {task_command.py:426} INFO - Running <TaskInstance: BuildELT_dbt.dbt_run manual__2024-11-12T02:36:49.829928+00:00 [running]> on host 1381f02c4e31
[2024-11-12T02:36:57.971+0000] {taskinstance.py:2648} INFO - Exporting env vars: AIRFLOW_CTX_DAG_OWNER='***' AIRFLOW_CTX_DAG_ID='BuildELT_dbt' AIRFLOW_CTX_TASK_ID='dbt_run' AIRFLOW_CTX_EXECUTION_DATE='2024-11-12T02:36:49.829928+00:00' AIRFLOW_CTX_TRY_NUMBER='1' AIRFLOW_CTX_DAG_RUN_ID='manual__2024-11-12T02:36:49.829928+00:00'
[2024-11-12T02:36:57.977+0000] {taskinstance.py:430} INFO - ::endgroup::
[2024-11-12T02:36:58.175+0000] {subprocess.py:63} INFO - Tmp dir root location: /tmp
[2024-11-12T02:36:58.190+0000] {subprocess.py:75} INFO - Running command: ['/usr/bin/bash', '-c', '/home/***/.local/bin/dbt run --profiles-dir /opt/***/dbt --project-dir /opt/***/dbt']
[2024-11-12T02:36:58.216+0000] {subprocess.py:86} INFO - Output:
[2024-11-12T02:37:03.574+0000] {subprocess.py:93} INFO - [0m02:37:03  Running with dbt=1.8.7
[2024-11-12T02:37:08.106+0000] {subprocess.py:93} INFO - [0m02:37:08  Registered adapter: snowflake=1.8.4
[2024-11-12T02:37:09.289+0000] {subprocess.py:93} INFO - [0m02:37:09  Encountered an error:
[2024-11-12T02:37:09.290+0000] {subprocess.py:93} INFO - 'dbt_snowflake://macros/catalog.sql'
[2024-11-12T02:37:09.291+0000] {subprocess.py:93} INFO - [0m02:37:09  Traceback (most recent call last):
[2024-11-12T02:37:09.292+0000] {subprocess.py:93} INFO -   File "/home/***/.local/lib/python3.12/site-packages/dbt/cli/requires.py", line 138, in wrapper
[2024-11-12T02:37:09.293+0000] {subprocess.py:93} INFO -     result, success = func(*args, **kwargs)
[2024-11-12T02:37:09.293+0000] {subprocess.py:93} INFO -                       ^^^^^^^^^^^^^^^^^^^^^
[2024-11-12T02:37:09.293+0000] {subprocess.py:93} INFO -   File "/home/***/.local/lib/python3.12/site-packages/dbt/cli/requires.py", line 101, in wrapper
[2024-11-12T02:37:09.294+0000] {subprocess.py:93} INFO -     return func(*args, **kwargs)
[2024-11-12T02:37:09.295+0000] {subprocess.py:93} INFO -            ^^^^^^^^^^^^^^^^^^^^^
[2024-11-12T02:37:09.295+0000] {subprocess.py:93} INFO -   File "/home/***/.local/lib/python3.12/site-packages/dbt/cli/requires.py", line 218, in wrapper
[2024-11-12T02:37:09.296+0000] {subprocess.py:93} INFO -     return func(*args, **kwargs)
[2024-11-12T02:37:09.296+0000] {subprocess.py:93} INFO -            ^^^^^^^^^^^^^^^^^^^^^
[2024-11-12T02:37:09.297+0000] {subprocess.py:93} INFO -   File "/home/***/.local/lib/python3.12/site-packages/dbt/cli/requires.py", line 247, in wrapper
[2024-11-12T02:37:09.297+0000] {subprocess.py:93} INFO -     return func(*args, **kwargs)
[2024-11-12T02:37:09.297+0000] {subprocess.py:93} INFO -            ^^^^^^^^^^^^^^^^^^^^^
[2024-11-12T02:37:09.298+0000] {subprocess.py:93} INFO -   File "/home/***/.local/lib/python3.12/site-packages/dbt/cli/requires.py", line 294, in wrapper
[2024-11-12T02:37:09.298+0000] {subprocess.py:93} INFO -     return func(*args, **kwargs)
[2024-11-12T02:37:09.299+0000] {subprocess.py:93} INFO -            ^^^^^^^^^^^^^^^^^^^^^
[2024-11-12T02:37:09.300+0000] {subprocess.py:93} INFO -   File "/home/***/.local/lib/python3.12/site-packages/dbt/cli/requires.py", line 320, in wrapper
[2024-11-12T02:37:09.300+0000] {subprocess.py:93} INFO -     ctx.obj["manifest"] = parse_manifest(
[2024-11-12T02:37:09.301+0000] {subprocess.py:93} INFO -                           ^^^^^^^^^^^^^^^
[2024-11-12T02:37:09.301+0000] {subprocess.py:93} INFO -   File "/home/***/.local/lib/python3.12/site-packages/dbt/parser/manifest.py", line 1898, in parse_manifest
[2024-11-12T02:37:09.302+0000] {subprocess.py:93} INFO -     manifest = ManifestLoader.get_full_manifest(
[2024-11-12T02:37:09.302+0000] {subprocess.py:93} INFO -                ^^^^^^^^^^^^^^^^^^^^^^^^^^^^^^^^^
[2024-11-12T02:37:09.302+0000] {subprocess.py:93} INFO -   File "/home/***/.local/lib/python3.12/site-packages/dbt/parser/manifest.py", line 330, in get_full_manifest
[2024-11-12T02:37:09.303+0000] {subprocess.py:93} INFO -     manifest = loader.load()
[2024-11-12T02:37:09.303+0000] {subprocess.py:93} INFO -                ^^^^^^^^^^^^^
[2024-11-12T02:37:09.304+0000] {subprocess.py:93} INFO -   File "/home/***/.local/lib/python3.12/site-packages/dbt/parser/manifest.py", line 399, in load
[2024-11-12T02:37:09.304+0000] {subprocess.py:93} INFO -     self.load_and_parse_macros(project_parser_files)
[2024-11-12T02:37:09.307+0000] {subprocess.py:93} INFO -   File "/home/***/.local/lib/python3.12/site-packages/dbt/parser/manifest.py", line 676, in load_and_parse_macros
[2024-11-12T02:37:09.307+0000] {subprocess.py:93} INFO -     block = FileBlock(self.manifest.files[file_id])
[2024-11-12T02:37:09.308+0000] {subprocess.py:93} INFO -                       ~~~~~~~~~~~~~~~~~~~^^^^^^^^^
[2024-11-12T02:37:09.308+0000] {subprocess.py:93} INFO - KeyError: 'dbt_snowflake://macros/catalog.sql'
[2024-11-12T02:37:09.309+0000] {subprocess.py:93} INFO - 
[2024-11-12T02:37:10.253+0000] {subprocess.py:97} INFO - Command exited with return code 2
[2024-11-12T02:37:10.259+0000] {taskinstance.py:441} INFO - ::group::Post task execution logs
[2024-11-12T02:37:10.289+0000] {taskinstance.py:2905} ERROR - Task failed with exception
Traceback (most recent call last):
  File "/home/airflow/.local/lib/python3.12/site-packages/airflow/models/taskinstance.py", line 465, in _execute_task
    result = _execute_callable(context=context, **execute_callable_kwargs)
             ^^^^^^^^^^^^^^^^^^^^^^^^^^^^^^^^^^^^^^^^^^^^^^^^^^^^^^^^^^^^^
  File "/home/airflow/.local/lib/python3.12/site-packages/airflow/models/taskinstance.py", line 432, in _execute_callable
    return execute_callable(context=context, **execute_callable_kwargs)
           ^^^^^^^^^^^^^^^^^^^^^^^^^^^^^^^^^^^^^^^^^^^^^^^^^^^^^^^^^^^^
  File "/home/airflow/.local/lib/python3.12/site-packages/airflow/models/baseoperator.py", line 400, in wrapper
    return func(self, *args, **kwargs)
           ^^^^^^^^^^^^^^^^^^^^^^^^^^^
  File "/home/airflow/.local/lib/python3.12/site-packages/airflow/operators/bash.py", line 243, in execute
    raise AirflowException(
airflow.exceptions.AirflowException: Bash command failed. The command returned a non-zero exit code 2.
[2024-11-12T02:37:10.312+0000] {taskinstance.py:1206} INFO - Marking task as FAILED. dag_id=BuildELT_dbt, task_id=dbt_run, run_id=manual__2024-11-12T02:36:49.829928+00:00, execution_date=20241112T023649, start_date=20241112T023656, end_date=20241112T023710
[2024-11-12T02:37:10.342+0000] {standard_task_runner.py:110} ERROR - Failed to execute job 123 for task dbt_run (Bash command failed. The command returned a non-zero exit code 2.; 512)
[2024-11-12T02:37:10.377+0000] {local_task_job_runner.py:240} INFO - Task exited with return code 1
[2024-11-12T02:37:10.418+0000] {taskinstance.py:3498} INFO - 0 downstream tasks scheduled from follow-on schedule check
[2024-11-12T02:37:10.424+0000] {local_task_job_runner.py:222} INFO - ::endgroup::
