[2024-11-12T03:29:40.127+0000] {local_task_job_runner.py:120} INFO - ::group::Pre task execution logs
[2024-11-12T03:29:40.199+0000] {taskinstance.py:2076} INFO - Dependencies all met for dep_context=non-requeueable deps ti=<TaskInstance: BuildELT_dbt.dbt_run manual__2024-11-12T03:29:38.175347+00:00 [queued]>
[2024-11-12T03:29:40.210+0000] {taskinstance.py:2076} INFO - Dependencies all met for dep_context=requeueable deps ti=<TaskInstance: BuildELT_dbt.dbt_run manual__2024-11-12T03:29:38.175347+00:00 [queued]>
[2024-11-12T03:29:40.211+0000] {taskinstance.py:2306} INFO - Starting attempt 1 of 1
[2024-11-12T03:29:40.229+0000] {taskinstance.py:2330} INFO - Executing <Task(BashOperator): dbt_run> on 2024-11-12 03:29:38.175347+00:00
[2024-11-12T03:29:40.241+0000] {standard_task_runner.py:90} INFO - Running: ['***', 'tasks', 'run', 'BuildELT_dbt', 'dbt_run', 'manual__2024-11-12T03:29:38.175347+00:00', '--job-id', '143', '--raw', '--subdir', 'DAGS_FOLDER/build_elt_with_dbt.py', '--cfg-path', '/tmp/tmp_02urk6q']
[2024-11-12T03:29:40.244+0000] {standard_task_runner.py:91} INFO - Job 143: Subtask dbt_run
[2024-11-12T03:29:40.245+0000] {logging_mixin.py:188} WARNING - /home/***/.local/lib/python3.12/site-packages/***/task/task_runner/standard_task_runner.py:61 DeprecationWarning: This process (pid=2000) is multi-threaded, use of fork() may lead to deadlocks in the child.
[2024-11-12T03:29:40.246+0000] {standard_task_runner.py:63} INFO - Started process 2001 to run task
[2024-11-12T03:29:40.302+0000] {task_command.py:426} INFO - Running <TaskInstance: BuildELT_dbt.dbt_run manual__2024-11-12T03:29:38.175347+00:00 [running]> on host e9e87141c083
[2024-11-12T03:29:40.519+0000] {taskinstance.py:2648} INFO - Exporting env vars: AIRFLOW_CTX_DAG_OWNER='***' AIRFLOW_CTX_DAG_ID='BuildELT_dbt' AIRFLOW_CTX_TASK_ID='dbt_run' AIRFLOW_CTX_EXECUTION_DATE='2024-11-12T03:29:38.175347+00:00' AIRFLOW_CTX_TRY_NUMBER='1' AIRFLOW_CTX_DAG_RUN_ID='manual__2024-11-12T03:29:38.175347+00:00'
[2024-11-12T03:29:40.520+0000] {taskinstance.py:430} INFO - ::endgroup::
[2024-11-12T03:29:40.582+0000] {subprocess.py:63} INFO - Tmp dir root location: /tmp
[2024-11-12T03:29:40.600+0000] {subprocess.py:75} INFO - Running command: ['/usr/bin/bash', '-c', '/home/***/.local/bin/dbt run --profiles-dir /opt/***/dbt --project-dir /opt/***/dbt']
[2024-11-12T03:29:40.629+0000] {subprocess.py:86} INFO - Output:
[2024-11-12T03:29:43.497+0000] {subprocess.py:93} INFO - [0m03:29:43  Running with dbt=1.8.7
[2024-11-12T03:29:45.264+0000] {subprocess.py:93} INFO - [0m03:29:45  Registered adapter: snowflake=1.8.4
[2024-11-12T03:29:46.449+0000] {subprocess.py:93} INFO - [0m03:29:46  Found 5 models, 1 snapshot, 2 data tests, 2 sources, 459 macros
[2024-11-12T03:29:46.453+0000] {subprocess.py:93} INFO - [0m03:29:46
[2024-11-12T03:29:48.393+0000] {subprocess.py:93} INFO - [0m03:29:48  Concurrency: 1 threads (target='dev')
[2024-11-12T03:29:48.394+0000] {subprocess.py:93} INFO - [0m03:29:48
[2024-11-12T03:29:48.481+0000] {subprocess.py:93} INFO - [0m03:29:48  1 of 1 START sql table model analytics.stock_indicators ........................ [RUN]
[2024-11-12T03:29:49.154+0000] {subprocess.py:93} INFO - [0m03:29:49  1 of 1 ERROR creating sql table model analytics.stock_indicators ............... [[31mERROR[0m in 0.67s]
[2024-11-12T03:29:49.160+0000] {subprocess.py:93} INFO - [0m03:29:49
[2024-11-12T03:29:49.160+0000] {subprocess.py:93} INFO - [0m03:29:49  Finished running 1 table model in 0 hours 0 minutes and 2.71 seconds (2.71s).
[2024-11-12T03:29:49.215+0000] {subprocess.py:93} INFO - [0m03:29:49
[2024-11-12T03:29:49.216+0000] {subprocess.py:93} INFO - [0m03:29:49  [31mCompleted with 1 error and 0 warnings:[0m
[2024-11-12T03:29:49.217+0000] {subprocess.py:93} INFO - [0m03:29:49
[2024-11-12T03:29:49.218+0000] {subprocess.py:93} INFO - [0m03:29:49    Database Error in model stock_indicators (models/output/stock_indicators.sql)
[2024-11-12T03:29:49.218+0000] {subprocess.py:93} INFO -   002003 (42S02): SQL compilation error:
[2024-11-12T03:29:49.219+0000] {subprocess.py:93} INFO -   Object 'STOCK_SUMMARY' does not exist or not authorized.
[2024-11-12T03:29:49.219+0000] {subprocess.py:93} INFO -   compiled code at target/run/lab2/models/output/stock_indicators.sql
[2024-11-12T03:29:49.219+0000] {subprocess.py:93} INFO - [0m03:29:49
[2024-11-12T03:29:49.220+0000] {subprocess.py:93} INFO - [0m03:29:49  Done. PASS=0 WARN=0 ERROR=1 SKIP=0 TOTAL=1
[2024-11-12T03:29:50.107+0000] {subprocess.py:97} INFO - Command exited with return code 1
[2024-11-12T03:29:50.110+0000] {taskinstance.py:441} INFO - ::group::Post task execution logs
[2024-11-12T03:29:50.125+0000] {taskinstance.py:2905} ERROR - Task failed with exception
Traceback (most recent call last):
  File "/home/airflow/.local/lib/python3.12/site-packages/airflow/models/taskinstance.py", line 465, in _execute_task
    result = _execute_callable(context=context, **execute_callable_kwargs)
             ^^^^^^^^^^^^^^^^^^^^^^^^^^^^^^^^^^^^^^^^^^^^^^^^^^^^^^^^^^^^^
  File "/home/airflow/.local/lib/python3.12/site-packages/airflow/models/taskinstance.py", line 432, in _execute_callable
    return execute_callable(context=context, **execute_callable_kwargs)
           ^^^^^^^^^^^^^^^^^^^^^^^^^^^^^^^^^^^^^^^^^^^^^^^^^^^^^^^^^^^^
  File "/home/airflow/.local/lib/python3.12/site-packages/airflow/models/baseoperator.py", line 400, in wrapper
    return func(self, *args, **kwargs)
           ^^^^^^^^^^^^^^^^^^^^^^^^^^^
  File "/home/airflow/.local/lib/python3.12/site-packages/airflow/operators/bash.py", line 243, in execute
    raise AirflowException(
airflow.exceptions.AirflowException: Bash command failed. The command returned a non-zero exit code 1.
[2024-11-12T03:29:50.132+0000] {taskinstance.py:1206} INFO - Marking task as FAILED. dag_id=BuildELT_dbt, task_id=dbt_run, run_id=manual__2024-11-12T03:29:38.175347+00:00, execution_date=20241112T032938, start_date=20241112T032940, end_date=20241112T032950
[2024-11-12T03:29:50.148+0000] {standard_task_runner.py:110} ERROR - Failed to execute job 143 for task dbt_run (Bash command failed. The command returned a non-zero exit code 1.; 2001)
[2024-11-12T03:29:50.186+0000] {local_task_job_runner.py:240} INFO - Task exited with return code 1
[2024-11-12T03:29:50.210+0000] {taskinstance.py:3498} INFO - 0 downstream tasks scheduled from follow-on schedule check
[2024-11-12T03:29:50.216+0000] {local_task_job_runner.py:222} INFO - ::endgroup::
