[2024-11-12T03:33:13.197+0000] {local_task_job_runner.py:120} INFO - ::group::Pre task execution logs
[2024-11-12T03:33:13.317+0000] {taskinstance.py:2076} INFO - Dependencies all met for dep_context=non-requeueable deps ti=<TaskInstance: BuildELT_dbt.dbt_run manual__2024-11-12T03:33:12.183444+00:00 [queued]>
[2024-11-12T03:33:13.335+0000] {taskinstance.py:2076} INFO - Dependencies all met for dep_context=requeueable deps ti=<TaskInstance: BuildELT_dbt.dbt_run manual__2024-11-12T03:33:12.183444+00:00 [queued]>
[2024-11-12T03:33:13.336+0000] {taskinstance.py:2306} INFO - Starting attempt 1 of 1
[2024-11-12T03:33:13.363+0000] {taskinstance.py:2330} INFO - Executing <Task(BashOperator): dbt_run> on 2024-11-12 03:33:12.183444+00:00
[2024-11-12T03:33:13.377+0000] {standard_task_runner.py:90} INFO - Running: ['***', 'tasks', 'run', 'BuildELT_dbt', 'dbt_run', 'manual__2024-11-12T03:33:12.183444+00:00', '--job-id', '144', '--raw', '--subdir', 'DAGS_FOLDER/build_elt_with_dbt.py', '--cfg-path', '/tmp/tmpufxj1fq6']
[2024-11-12T03:33:13.381+0000] {standard_task_runner.py:91} INFO - Job 144: Subtask dbt_run
[2024-11-12T03:33:13.383+0000] {logging_mixin.py:188} WARNING - /home/***/.local/lib/python3.12/site-packages/***/task/task_runner/standard_task_runner.py:61 DeprecationWarning: This process (pid=2148) is multi-threaded, use of fork() may lead to deadlocks in the child.
[2024-11-12T03:33:13.384+0000] {standard_task_runner.py:63} INFO - Started process 2149 to run task
[2024-11-12T03:33:13.452+0000] {task_command.py:426} INFO - Running <TaskInstance: BuildELT_dbt.dbt_run manual__2024-11-12T03:33:12.183444+00:00 [running]> on host e9e87141c083
[2024-11-12T03:33:13.777+0000] {taskinstance.py:2648} INFO - Exporting env vars: AIRFLOW_CTX_DAG_OWNER='***' AIRFLOW_CTX_DAG_ID='BuildELT_dbt' AIRFLOW_CTX_TASK_ID='dbt_run' AIRFLOW_CTX_EXECUTION_DATE='2024-11-12T03:33:12.183444+00:00' AIRFLOW_CTX_TRY_NUMBER='1' AIRFLOW_CTX_DAG_RUN_ID='manual__2024-11-12T03:33:12.183444+00:00'
[2024-11-12T03:33:13.779+0000] {taskinstance.py:430} INFO - ::endgroup::
[2024-11-12T03:33:13.821+0000] {subprocess.py:63} INFO - Tmp dir root location: /tmp
[2024-11-12T03:33:13.830+0000] {subprocess.py:75} INFO - Running command: ['/usr/bin/bash', '-c', '/home/***/.local/bin/dbt run --profiles-dir /opt/***/dbt --project-dir /opt/***/dbt']
[2024-11-12T03:33:13.849+0000] {subprocess.py:86} INFO - Output:
[2024-11-12T03:33:20.901+0000] {subprocess.py:93} INFO - [0m03:33:20  Running with dbt=1.8.7
[2024-11-12T03:33:25.477+0000] {subprocess.py:93} INFO - [0m03:33:25  Registered adapter: snowflake=1.8.4
[2024-11-12T03:33:26.460+0000] {subprocess.py:93} INFO - [0m03:33:26  Unable to do partial parsing because a project config has changed
[2024-11-12T03:33:28.933+0000] {subprocess.py:93} INFO - [0m03:33:28  Found 5 models, 1 snapshot, 2 data tests, 2 sources, 459 macros
[2024-11-12T03:33:28.937+0000] {subprocess.py:93} INFO - [0m03:33:28
[2024-11-12T03:33:31.517+0000] {subprocess.py:93} INFO - [0m03:33:31  Concurrency: 1 threads (target='dev')
[2024-11-12T03:33:31.519+0000] {subprocess.py:93} INFO - [0m03:33:31
[2024-11-12T03:33:31.658+0000] {subprocess.py:93} INFO - [0m03:33:31  1 of 1 START sql table model analytics.stock_indicators ........................ [RUN]
[2024-11-12T03:33:32.279+0000] {subprocess.py:93} INFO - [0m03:33:32  1 of 1 ERROR creating sql table model analytics.stock_indicators ............... [[31mERROR[0m in 0.62s]
[2024-11-12T03:33:32.287+0000] {subprocess.py:93} INFO - [0m03:33:32
[2024-11-12T03:33:32.288+0000] {subprocess.py:93} INFO - [0m03:33:32  Finished running 1 table model in 0 hours 0 minutes and 3.35 seconds (3.35s).
[2024-11-12T03:33:32.367+0000] {subprocess.py:93} INFO - [0m03:33:32
[2024-11-12T03:33:32.369+0000] {subprocess.py:93} INFO - [0m03:33:32  [31mCompleted with 1 error and 0 warnings:[0m
[2024-11-12T03:33:32.370+0000] {subprocess.py:93} INFO - [0m03:33:32
[2024-11-12T03:33:32.372+0000] {subprocess.py:93} INFO - [0m03:33:32    Database Error in model stock_indicators (models/output/stock_indicators.sql)
[2024-11-12T03:33:32.373+0000] {subprocess.py:93} INFO -   002003 (42S02): SQL compilation error:
[2024-11-12T03:33:32.375+0000] {subprocess.py:93} INFO -   Object 'STOCK_SUMMARY' does not exist or not authorized.
[2024-11-12T03:33:32.377+0000] {subprocess.py:93} INFO -   compiled code at target/run/lab2/models/output/stock_indicators.sql
[2024-11-12T03:33:32.378+0000] {subprocess.py:93} INFO - [0m03:33:32
[2024-11-12T03:33:32.379+0000] {subprocess.py:93} INFO - [0m03:33:32  Done. PASS=0 WARN=0 ERROR=1 SKIP=0 TOTAL=1
[2024-11-12T03:33:33.425+0000] {subprocess.py:97} INFO - Command exited with return code 1
[2024-11-12T03:33:33.435+0000] {taskinstance.py:441} INFO - ::group::Post task execution logs
[2024-11-12T03:33:33.563+0000] {taskinstance.py:2905} ERROR - Task failed with exception
Traceback (most recent call last):
  File "/home/airflow/.local/lib/python3.12/site-packages/airflow/models/taskinstance.py", line 465, in _execute_task
    result = _execute_callable(context=context, **execute_callable_kwargs)
             ^^^^^^^^^^^^^^^^^^^^^^^^^^^^^^^^^^^^^^^^^^^^^^^^^^^^^^^^^^^^^
  File "/home/airflow/.local/lib/python3.12/site-packages/airflow/models/taskinstance.py", line 432, in _execute_callable
    return execute_callable(context=context, **execute_callable_kwargs)
           ^^^^^^^^^^^^^^^^^^^^^^^^^^^^^^^^^^^^^^^^^^^^^^^^^^^^^^^^^^^^
  File "/home/airflow/.local/lib/python3.12/site-packages/airflow/models/baseoperator.py", line 400, in wrapper
    return func(self, *args, **kwargs)
           ^^^^^^^^^^^^^^^^^^^^^^^^^^^
  File "/home/airflow/.local/lib/python3.12/site-packages/airflow/operators/bash.py", line 243, in execute
    raise AirflowException(
airflow.exceptions.AirflowException: Bash command failed. The command returned a non-zero exit code 1.
[2024-11-12T03:33:33.588+0000] {taskinstance.py:1206} INFO - Marking task as FAILED. dag_id=BuildELT_dbt, task_id=dbt_run, run_id=manual__2024-11-12T03:33:12.183444+00:00, execution_date=20241112T033312, start_date=20241112T033313, end_date=20241112T033333
[2024-11-12T03:33:33.638+0000] {standard_task_runner.py:110} ERROR - Failed to execute job 144 for task dbt_run (Bash command failed. The command returned a non-zero exit code 1.; 2149)
[2024-11-12T03:33:33.662+0000] {local_task_job_runner.py:240} INFO - Task exited with return code 1
[2024-11-12T03:33:33.765+0000] {taskinstance.py:3498} INFO - 0 downstream tasks scheduled from follow-on schedule check
[2024-11-12T03:33:33.779+0000] {local_task_job_runner.py:222} INFO - ::endgroup::
