[2024-11-30T06:22:51.684+0000] {local_task_job_runner.py:120} INFO - ::group::Pre task execution logs
[2024-11-30T06:22:51.712+0000] {taskinstance.py:2076} INFO - Dependencies all met for dep_context=non-requeueable deps ti=<TaskInstance: complete-dag.dbt_run manual__2024-11-30T06:22:33.196088+00:00 [queued]>
[2024-11-30T06:22:51.720+0000] {taskinstance.py:2076} INFO - Dependencies all met for dep_context=requeueable deps ti=<TaskInstance: complete-dag.dbt_run manual__2024-11-30T06:22:33.196088+00:00 [queued]>
[2024-11-30T06:22:51.721+0000] {taskinstance.py:2306} INFO - Starting attempt 1 of 1
[2024-11-30T06:22:51.734+0000] {taskinstance.py:2330} INFO - Executing <Task(BashOperator): dbt_run> on 2024-11-30 06:22:33.196088+00:00
[2024-11-30T06:22:51.745+0000] {standard_task_runner.py:90} INFO - Running: ['***', 'tasks', 'run', 'complete-dag', 'dbt_run', 'manual__2024-11-30T06:22:33.196088+00:00', '--job-id', '345', '--raw', '--subdir', 'DAGS_FOLDER/complete_dag.py', '--cfg-path', '/tmp/tmp10plipxl']
[2024-11-30T06:22:51.745+0000] {logging_mixin.py:188} WARNING - /home/***/.local/lib/python3.12/site-packages/***/task/task_runner/standard_task_runner.py:61 DeprecationWarning: This process (pid=8941) is multi-threaded, use of fork() may lead to deadlocks in the child.
[2024-11-30T06:22:51.747+0000] {standard_task_runner.py:91} INFO - Job 345: Subtask dbt_run
[2024-11-30T06:22:51.747+0000] {standard_task_runner.py:63} INFO - Started process 8949 to run task
[2024-11-30T06:22:51.791+0000] {task_command.py:426} INFO - Running <TaskInstance: complete-dag.dbt_run manual__2024-11-30T06:22:33.196088+00:00 [running]> on host b09a94790db6
[2024-11-30T06:22:51.920+0000] {taskinstance.py:2648} INFO - Exporting env vars: AIRFLOW_CTX_DAG_OWNER='***' AIRFLOW_CTX_DAG_ID='complete-dag' AIRFLOW_CTX_TASK_ID='dbt_run' AIRFLOW_CTX_EXECUTION_DATE='2024-11-30T06:22:33.196088+00:00' AIRFLOW_CTX_TRY_NUMBER='1' AIRFLOW_CTX_DAG_RUN_ID='manual__2024-11-30T06:22:33.196088+00:00'
[2024-11-30T06:22:51.921+0000] {taskinstance.py:430} INFO - ::endgroup::
[2024-11-30T06:22:51.922+0000] {subprocess.py:63} INFO - Tmp dir root location: /tmp
[2024-11-30T06:22:51.925+0000] {subprocess.py:75} INFO - Running command: ['/usr/bin/bash', '-c', '/home/***/.local/bin/dbt run --profiles-dir /opt/***/dbt --project-dir /opt/***/dbt']
[2024-11-30T06:22:51.940+0000] {subprocess.py:86} INFO - Output:
[2024-11-30T06:22:55.407+0000] {subprocess.py:93} INFO - [0m06:22:55  Running with dbt=1.8.7
[2024-11-30T06:22:56.646+0000] {subprocess.py:93} INFO - [0m06:22:56  Registered adapter: snowflake=1.8.4
[2024-11-30T06:22:56.899+0000] {subprocess.py:93} INFO - [0m06:22:56  Unable to do partial parsing because a project dependency has been added
[2024-11-30T06:22:58.153+0000] {subprocess.py:93} INFO - [0m06:22:58  [[33mWARNING[0m]: Deprecated functionality
[2024-11-30T06:22:58.153+0000] {subprocess.py:93} INFO - The `tests` config has been renamed to `data_tests`. Please see
[2024-11-30T06:22:58.154+0000] {subprocess.py:93} INFO - https://docs.getdbt.com/docs/build/data-tests#new-data_tests-syntax for more
[2024-11-30T06:22:58.154+0000] {subprocess.py:93} INFO - information.
[2024-11-30T06:22:58.350+0000] {subprocess.py:93} INFO - [0m06:22:58  Encountered an error:
[2024-11-30T06:22:58.351+0000] {subprocess.py:93} INFO - Compilation Error
[2024-11-30T06:22:58.351+0000] {subprocess.py:93} INFO -   Model 'model.project.electricity_data_historical' (models/input/electricity_data_historical.sql) depends on a source named 'raw_data.electricity_data' which was not found
[2024-11-30T06:22:59.090+0000] {subprocess.py:97} INFO - Command exited with return code 2
[2024-11-30T06:22:59.092+0000] {taskinstance.py:441} INFO - ::group::Post task execution logs
[2024-11-30T06:22:59.101+0000] {taskinstance.py:2905} ERROR - Task failed with exception
Traceback (most recent call last):
  File "/home/airflow/.local/lib/python3.12/site-packages/airflow/models/taskinstance.py", line 465, in _execute_task
    result = _execute_callable(context=context, **execute_callable_kwargs)
             ^^^^^^^^^^^^^^^^^^^^^^^^^^^^^^^^^^^^^^^^^^^^^^^^^^^^^^^^^^^^^
  File "/home/airflow/.local/lib/python3.12/site-packages/airflow/models/taskinstance.py", line 432, in _execute_callable
    return execute_callable(context=context, **execute_callable_kwargs)
           ^^^^^^^^^^^^^^^^^^^^^^^^^^^^^^^^^^^^^^^^^^^^^^^^^^^^^^^^^^^^
  File "/home/airflow/.local/lib/python3.12/site-packages/airflow/models/baseoperator.py", line 400, in wrapper
    return func(self, *args, **kwargs)
           ^^^^^^^^^^^^^^^^^^^^^^^^^^^
  File "/home/airflow/.local/lib/python3.12/site-packages/airflow/operators/bash.py", line 243, in execute
    raise AirflowException(
airflow.exceptions.AirflowException: Bash command failed. The command returned a non-zero exit code 2.
[2024-11-30T06:22:59.108+0000] {taskinstance.py:1206} INFO - Marking task as FAILED. dag_id=complete-dag, task_id=dbt_run, run_id=manual__2024-11-30T06:22:33.196088+00:00, execution_date=20241130T062233, start_date=20241130T062251, end_date=20241130T062259
[2024-11-30T06:22:59.127+0000] {standard_task_runner.py:110} ERROR - Failed to execute job 345 for task dbt_run (Bash command failed. The command returned a non-zero exit code 2.; 8949)
[2024-11-30T06:22:59.149+0000] {local_task_job_runner.py:240} INFO - Task exited with return code 1
[2024-11-30T06:22:59.160+0000] {local_task_job_runner.py:222} INFO - ::endgroup::
