[2024-11-13T18:59:08.980+0000] {local_task_job_runner.py:120} INFO - ::group::Pre task execution logs
[2024-11-13T18:59:09.014+0000] {taskinstance.py:2076} INFO - Dependencies all met for dep_context=non-requeueable deps ti=<TaskInstance: BuildELT_dbt.dbt_run manual__2024-11-13T18:59:07.755449+00:00 [queued]>
[2024-11-13T18:59:09.021+0000] {taskinstance.py:2076} INFO - Dependencies all met for dep_context=requeueable deps ti=<TaskInstance: BuildELT_dbt.dbt_run manual__2024-11-13T18:59:07.755449+00:00 [queued]>
[2024-11-13T18:59:09.022+0000] {taskinstance.py:2306} INFO - Starting attempt 1 of 1
[2024-11-13T18:59:09.038+0000] {taskinstance.py:2330} INFO - Executing <Task(BashOperator): dbt_run> on 2024-11-13 18:59:07.755449+00:00
[2024-11-13T18:59:09.045+0000] {standard_task_runner.py:90} INFO - Running: ['***', 'tasks', 'run', 'BuildELT_dbt', 'dbt_run', 'manual__2024-11-13T18:59:07.755449+00:00', '--job-id', '183', '--raw', '--subdir', 'DAGS_FOLDER/build_elt_with_dbt.py', '--cfg-path', '/tmp/tmpstgn38m8']
[2024-11-13T18:59:09.047+0000] {standard_task_runner.py:91} INFO - Job 183: Subtask dbt_run
[2024-11-13T18:59:09.050+0000] {logging_mixin.py:188} WARNING - /home/***/.local/lib/python3.12/site-packages/***/task/task_runner/standard_task_runner.py:61 DeprecationWarning: This process (pid=1793) is multi-threaded, use of fork() may lead to deadlocks in the child.
[2024-11-13T18:59:09.050+0000] {standard_task_runner.py:63} INFO - Started process 1794 to run task
[2024-11-13T18:59:09.089+0000] {task_command.py:426} INFO - Running <TaskInstance: BuildELT_dbt.dbt_run manual__2024-11-13T18:59:07.755449+00:00 [running]> on host d7a7afbedfaf
[2024-11-13T18:59:09.216+0000] {taskinstance.py:2648} INFO - Exporting env vars: AIRFLOW_CTX_DAG_OWNER='***' AIRFLOW_CTX_DAG_ID='BuildELT_dbt' AIRFLOW_CTX_TASK_ID='dbt_run' AIRFLOW_CTX_EXECUTION_DATE='2024-11-13T18:59:07.755449+00:00' AIRFLOW_CTX_TRY_NUMBER='1' AIRFLOW_CTX_DAG_RUN_ID='manual__2024-11-13T18:59:07.755449+00:00'
[2024-11-13T18:59:09.218+0000] {taskinstance.py:430} INFO - ::endgroup::
[2024-11-13T18:59:09.234+0000] {subprocess.py:63} INFO - Tmp dir root location: /tmp
[2024-11-13T18:59:09.235+0000] {subprocess.py:75} INFO - Running command: ['/usr/bin/bash', '-c', '/home/***/.local/bin/dbt run --profiles-dir /opt/***/dbt --project-dir /opt/***/dbt']
[2024-11-13T18:59:09.246+0000] {subprocess.py:86} INFO - Output:
[2024-11-13T18:59:11.291+0000] {subprocess.py:93} INFO - [0m18:59:11  Running with dbt=1.8.7
[2024-11-13T18:59:12.298+0000] {subprocess.py:93} INFO - [0m18:59:12  Registered adapter: snowflake=1.8.4
[2024-11-13T18:59:12.470+0000] {subprocess.py:93} INFO - [0m18:59:12  Unable to do partial parsing because a project config has changed
[2024-11-13T18:59:14.285+0000] {subprocess.py:93} INFO - [0m18:59:14  Found 6 models, 1 snapshot, 2 data tests, 2 sources, 459 macros
[2024-11-13T18:59:14.289+0000] {subprocess.py:93} INFO - [0m18:59:14
[2024-11-13T18:59:16.434+0000] {subprocess.py:93} INFO - [0m18:59:16  Concurrency: 1 threads (target='dev')
[2024-11-13T18:59:16.435+0000] {subprocess.py:93} INFO - [0m18:59:16
[2024-11-13T18:59:16.447+0000] {subprocess.py:93} INFO - [0m18:59:16  1 of 5 START sql table model analytics.stock_rsi ............................... [RUN]
[2024-11-13T18:59:17.189+0000] {subprocess.py:93} INFO - [0m18:59:17  1 of 5 ERROR creating sql table model analytics.stock_rsi ...................... [[31mERROR[0m in 0.74s]
[2024-11-13T18:59:17.209+0000] {subprocess.py:93} INFO - [0m18:59:17  2 of 5 START sql table model analytics.daily_price_return ...................... [RUN]
[2024-11-13T18:59:18.699+0000] {subprocess.py:93} INFO - [0m18:59:18  2 of 5 OK created sql table model analytics.daily_price_return ................. [[32mSUCCESS 1[0m in 1.49s]
[2024-11-13T18:59:18.702+0000] {subprocess.py:93} INFO - [0m18:59:18  3 of 5 START sql table model analytics.stock_ma ................................ [RUN]
[2024-11-13T18:59:20.301+0000] {subprocess.py:93} INFO - [0m18:59:20  3 of 5 OK created sql table model analytics.stock_ma ........................... [[32mSUCCESS 1[0m in 1.60s]
[2024-11-13T18:59:20.305+0000] {subprocess.py:93} INFO - [0m18:59:20  4 of 5 START sql table model analytics.stock_trend ............................. [RUN]
[2024-11-13T18:59:22.154+0000] {subprocess.py:93} INFO - [0m18:59:22  4 of 5 OK created sql table model analytics.stock_trend ........................ [[32mSUCCESS 1[0m in 1.85s]
[2024-11-13T18:59:22.157+0000] {subprocess.py:93} INFO - [0m18:59:22  5 of 5 SKIP relation analytics.stock_indicators ................................ [[33mSKIP[0m]
[2024-11-13T18:59:22.161+0000] {subprocess.py:93} INFO - [0m18:59:22
[2024-11-13T18:59:22.161+0000] {subprocess.py:93} INFO - [0m18:59:22  Finished running 5 table models in 0 hours 0 minutes and 7.87 seconds (7.87s).
[2024-11-13T18:59:22.212+0000] {subprocess.py:93} INFO - [0m18:59:22
[2024-11-13T18:59:22.213+0000] {subprocess.py:93} INFO - [0m18:59:22  [31mCompleted with 1 error and 0 warnings:[0m
[2024-11-13T18:59:22.214+0000] {subprocess.py:93} INFO - [0m18:59:22
[2024-11-13T18:59:22.215+0000] {subprocess.py:93} INFO - [0m18:59:22    Database Error in model stock_rsi (models/intermediate/stock_rsi.sql)
[2024-11-13T18:59:22.216+0000] {subprocess.py:93} INFO -   001003 (42000): SQL compilation error:
[2024-11-13T18:59:22.216+0000] {subprocess.py:93} INFO -   syntax error line 49 at position 8 unexpected ';'.
[2024-11-13T18:59:22.216+0000] {subprocess.py:93} INFO -   compiled code at target/run/lab2/models/intermediate/stock_rsi.sql
[2024-11-13T18:59:22.217+0000] {subprocess.py:93} INFO - [0m18:59:22
[2024-11-13T18:59:22.217+0000] {subprocess.py:93} INFO - [0m18:59:22  Done. PASS=3 WARN=0 ERROR=1 SKIP=1 TOTAL=5
[2024-11-13T18:59:23.095+0000] {subprocess.py:97} INFO - Command exited with return code 1
[2024-11-13T18:59:23.096+0000] {taskinstance.py:441} INFO - ::group::Post task execution logs
[2024-11-13T18:59:23.107+0000] {taskinstance.py:2905} ERROR - Task failed with exception
Traceback (most recent call last):
  File "/home/airflow/.local/lib/python3.12/site-packages/airflow/models/taskinstance.py", line 465, in _execute_task
    result = _execute_callable(context=context, **execute_callable_kwargs)
             ^^^^^^^^^^^^^^^^^^^^^^^^^^^^^^^^^^^^^^^^^^^^^^^^^^^^^^^^^^^^^
  File "/home/airflow/.local/lib/python3.12/site-packages/airflow/models/taskinstance.py", line 432, in _execute_callable
    return execute_callable(context=context, **execute_callable_kwargs)
           ^^^^^^^^^^^^^^^^^^^^^^^^^^^^^^^^^^^^^^^^^^^^^^^^^^^^^^^^^^^^
  File "/home/airflow/.local/lib/python3.12/site-packages/airflow/models/baseoperator.py", line 400, in wrapper
    return func(self, *args, **kwargs)
           ^^^^^^^^^^^^^^^^^^^^^^^^^^^
  File "/home/airflow/.local/lib/python3.12/site-packages/airflow/operators/bash.py", line 243, in execute
    raise AirflowException(
airflow.exceptions.AirflowException: Bash command failed. The command returned a non-zero exit code 1.
[2024-11-13T18:59:23.113+0000] {taskinstance.py:1206} INFO - Marking task as FAILED. dag_id=BuildELT_dbt, task_id=dbt_run, run_id=manual__2024-11-13T18:59:07.755449+00:00, execution_date=20241113T185907, start_date=20241113T185909, end_date=20241113T185923
[2024-11-13T18:59:23.130+0000] {standard_task_runner.py:110} ERROR - Failed to execute job 183 for task dbt_run (Bash command failed. The command returned a non-zero exit code 1.; 1794)
[2024-11-13T18:59:23.169+0000] {local_task_job_runner.py:240} INFO - Task exited with return code 1
[2024-11-13T18:59:23.194+0000] {taskinstance.py:3498} INFO - 0 downstream tasks scheduled from follow-on schedule check
[2024-11-13T18:59:23.200+0000] {local_task_job_runner.py:222} INFO - ::endgroup::
