[2024-11-30T06:35:55.559+0000] {local_task_job_runner.py:120} INFO - ::group::Pre task execution logs
[2024-11-30T06:35:55.587+0000] {taskinstance.py:2076} INFO - Dependencies all met for dep_context=non-requeueable deps ti=<TaskInstance: complete-dag.dbt_run manual__2024-11-30T06:35:41.849568+00:00 [queued]>
[2024-11-30T06:35:55.597+0000] {taskinstance.py:2076} INFO - Dependencies all met for dep_context=requeueable deps ti=<TaskInstance: complete-dag.dbt_run manual__2024-11-30T06:35:41.849568+00:00 [queued]>
[2024-11-30T06:35:55.598+0000] {taskinstance.py:2306} INFO - Starting attempt 1 of 1
[2024-11-30T06:35:55.615+0000] {taskinstance.py:2330} INFO - Executing <Task(BashOperator): dbt_run> on 2024-11-30 06:35:41.849568+00:00
[2024-11-30T06:35:55.624+0000] {standard_task_runner.py:90} INFO - Running: ['***', 'tasks', 'run', 'complete-dag', 'dbt_run', 'manual__2024-11-30T06:35:41.849568+00:00', '--job-id', '380', '--raw', '--subdir', 'DAGS_FOLDER/complete_dag.py', '--cfg-path', '/tmp/tmp9j0dj35e']
[2024-11-30T06:35:55.625+0000] {logging_mixin.py:188} WARNING - /home/***/.local/lib/python3.12/site-packages/***/task/task_runner/standard_task_runner.py:61 DeprecationWarning: This process (pid=10442) is multi-threaded, use of fork() may lead to deadlocks in the child.
[2024-11-30T06:35:55.627+0000] {standard_task_runner.py:91} INFO - Job 380: Subtask dbt_run
[2024-11-30T06:35:55.627+0000] {standard_task_runner.py:63} INFO - Started process 10445 to run task
[2024-11-30T06:35:55.676+0000] {task_command.py:426} INFO - Running <TaskInstance: complete-dag.dbt_run manual__2024-11-30T06:35:41.849568+00:00 [running]> on host b09a94790db6
[2024-11-30T06:35:55.803+0000] {taskinstance.py:2648} INFO - Exporting env vars: AIRFLOW_CTX_DAG_OWNER='***' AIRFLOW_CTX_DAG_ID='complete-dag' AIRFLOW_CTX_TASK_ID='dbt_run' AIRFLOW_CTX_EXECUTION_DATE='2024-11-30T06:35:41.849568+00:00' AIRFLOW_CTX_TRY_NUMBER='1' AIRFLOW_CTX_DAG_RUN_ID='manual__2024-11-30T06:35:41.849568+00:00'
[2024-11-30T06:35:55.804+0000] {taskinstance.py:430} INFO - ::endgroup::
[2024-11-30T06:35:55.805+0000] {subprocess.py:63} INFO - Tmp dir root location: /tmp
[2024-11-30T06:35:55.806+0000] {subprocess.py:75} INFO - Running command: ['/usr/bin/bash', '-c', '/home/***/.local/bin/dbt run --profiles-dir /opt/***/dbt --project-dir /opt/***/dbt']
[2024-11-30T06:35:55.820+0000] {subprocess.py:86} INFO - Output:
[2024-11-30T06:35:58.160+0000] {subprocess.py:93} INFO - [0m06:35:58  Running with dbt=1.8.7
[2024-11-30T06:35:59.298+0000] {subprocess.py:93} INFO - [0m06:35:59  Registered adapter: snowflake=1.8.4
[2024-11-30T06:35:59.919+0000] {subprocess.py:93} INFO - [0m06:35:59  [[33mWARNING[0m]: Deprecated functionality
[2024-11-30T06:35:59.920+0000] {subprocess.py:93} INFO - The `tests` config has been renamed to `data_tests`. Please see
[2024-11-30T06:35:59.920+0000] {subprocess.py:93} INFO - https://docs.getdbt.com/docs/build/data-tests#new-data_tests-syntax for more
[2024-11-30T06:35:59.921+0000] {subprocess.py:93} INFO - information.
[2024-11-30T06:36:00.251+0000] {subprocess.py:93} INFO - [0m06:36:00  Found 5 models, 1 test, 4 sources, 459 macros
[2024-11-30T06:36:00.256+0000] {subprocess.py:93} INFO - [0m06:36:00
[2024-11-30T06:36:02.105+0000] {subprocess.py:93} INFO - [0m06:36:02  Concurrency: 1 threads (target='dev')
[2024-11-30T06:36:02.105+0000] {subprocess.py:93} INFO - [0m06:36:02
[2024-11-30T06:36:02.178+0000] {subprocess.py:93} INFO - [0m06:36:02  1 of 2 START sql table model analytics.weather_forecast_processed .............. [RUN]
[2024-11-30T06:36:03.992+0000] {subprocess.py:93} INFO - [0m06:36:03  1 of 2 OK created sql table model analytics.weather_forecast_processed ......... [[32mSUCCESS 1[0m in 1.81s]
[2024-11-30T06:36:03.996+0000] {subprocess.py:93} INFO - [0m06:36:03  2 of 2 START sql table model analytics.electricity_weather_historical .......... [RUN]
[2024-11-30T06:36:04.816+0000] {subprocess.py:93} INFO - [0m06:36:04  2 of 2 ERROR creating sql table model analytics.electricity_weather_historical . [[31mERROR[0m in 0.82s]
[2024-11-30T06:36:04.821+0000] {subprocess.py:93} INFO - [0m06:36:04
[2024-11-30T06:36:04.822+0000] {subprocess.py:93} INFO - [0m06:36:04  Finished running 2 table models in 0 hours 0 minutes and 4.56 seconds (4.56s).
[2024-11-30T06:36:04.877+0000] {subprocess.py:93} INFO - [0m06:36:04
[2024-11-30T06:36:04.878+0000] {subprocess.py:93} INFO - [0m06:36:04  [31mCompleted with 1 error and 0 warnings:[0m
[2024-11-30T06:36:04.879+0000] {subprocess.py:93} INFO - [0m06:36:04
[2024-11-30T06:36:04.880+0000] {subprocess.py:93} INFO - [0m06:36:04    Database Error in model electricity_weather_historical (models/output/electricity_weather_historical.sql)
[2024-11-30T06:36:04.880+0000] {subprocess.py:93} INFO -   001003 (42000): SQL compilation error:
[2024-11-30T06:36:04.880+0000] {subprocess.py:93} INFO -   syntax error line 51 at position 22 unexpected ';'.
[2024-11-30T06:36:04.881+0000] {subprocess.py:93} INFO -   compiled code at target/run/project/models/output/electricity_weather_historical.sql
[2024-11-30T06:36:04.881+0000] {subprocess.py:93} INFO - [0m06:36:04
[2024-11-30T06:36:04.881+0000] {subprocess.py:93} INFO - [0m06:36:04  Done. PASS=1 WARN=0 ERROR=1 SKIP=0 TOTAL=2
[2024-11-30T06:36:05.633+0000] {subprocess.py:97} INFO - Command exited with return code 1
[2024-11-30T06:36:05.635+0000] {taskinstance.py:441} INFO - ::group::Post task execution logs
[2024-11-30T06:36:05.645+0000] {taskinstance.py:2905} ERROR - Task failed with exception
Traceback (most recent call last):
  File "/home/airflow/.local/lib/python3.12/site-packages/airflow/models/taskinstance.py", line 465, in _execute_task
    result = _execute_callable(context=context, **execute_callable_kwargs)
             ^^^^^^^^^^^^^^^^^^^^^^^^^^^^^^^^^^^^^^^^^^^^^^^^^^^^^^^^^^^^^
  File "/home/airflow/.local/lib/python3.12/site-packages/airflow/models/taskinstance.py", line 432, in _execute_callable
    return execute_callable(context=context, **execute_callable_kwargs)
           ^^^^^^^^^^^^^^^^^^^^^^^^^^^^^^^^^^^^^^^^^^^^^^^^^^^^^^^^^^^^
  File "/home/airflow/.local/lib/python3.12/site-packages/airflow/models/baseoperator.py", line 400, in wrapper
    return func(self, *args, **kwargs)
           ^^^^^^^^^^^^^^^^^^^^^^^^^^^
  File "/home/airflow/.local/lib/python3.12/site-packages/airflow/operators/bash.py", line 243, in execute
    raise AirflowException(
airflow.exceptions.AirflowException: Bash command failed. The command returned a non-zero exit code 1.
[2024-11-30T06:36:05.649+0000] {taskinstance.py:1206} INFO - Marking task as FAILED. dag_id=complete-dag, task_id=dbt_run, run_id=manual__2024-11-30T06:35:41.849568+00:00, execution_date=20241130T063541, start_date=20241130T063555, end_date=20241130T063605
[2024-11-30T06:36:05.662+0000] {standard_task_runner.py:110} ERROR - Failed to execute job 380 for task dbt_run (Bash command failed. The command returned a non-zero exit code 1.; 10445)
[2024-11-30T06:36:05.679+0000] {local_task_job_runner.py:240} INFO - Task exited with return code 1
[2024-11-30T06:36:05.688+0000] {local_task_job_runner.py:222} INFO - ::endgroup::
