[2024-11-30T08:39:28.670+0000] {local_task_job_runner.py:120} INFO - ::group::Pre task execution logs
[2024-11-30T08:39:28.703+0000] {taskinstance.py:2076} INFO - Dependencies all met for dep_context=non-requeueable deps ti=<TaskInstance: complete-dag.dbt_test_2 manual__2024-11-30T08:33:53.025918+00:00 [queued]>
[2024-11-30T08:39:28.714+0000] {taskinstance.py:2076} INFO - Dependencies all met for dep_context=requeueable deps ti=<TaskInstance: complete-dag.dbt_test_2 manual__2024-11-30T08:33:53.025918+00:00 [queued]>
[2024-11-30T08:39:28.715+0000] {taskinstance.py:2306} INFO - Starting attempt 1 of 1
[2024-11-30T08:39:28.731+0000] {taskinstance.py:2330} INFO - Executing <Task(BashOperator): dbt_test_2> on 2024-11-30 08:33:53.025918+00:00
[2024-11-30T08:39:28.744+0000] {standard_task_runner.py:90} INFO - Running: ['***', 'tasks', 'run', 'complete-dag', 'dbt_test_2', 'manual__2024-11-30T08:33:53.025918+00:00', '--job-id', '426', '--raw', '--subdir', 'DAGS_FOLDER/complete_dag.py', '--cfg-path', '/tmp/tmp3eb9ji34']
[2024-11-30T08:39:28.746+0000] {standard_task_runner.py:91} INFO - Job 426: Subtask dbt_test_2
[2024-11-30T08:39:28.752+0000] {logging_mixin.py:188} WARNING - /home/***/.local/lib/python3.12/site-packages/***/task/task_runner/standard_task_runner.py:61 DeprecationWarning: This process (pid=2867) is multi-threaded, use of fork() may lead to deadlocks in the child.
[2024-11-30T08:39:28.753+0000] {standard_task_runner.py:63} INFO - Started process 2870 to run task
[2024-11-30T08:39:28.797+0000] {task_command.py:426} INFO - Running <TaskInstance: complete-dag.dbt_test_2 manual__2024-11-30T08:33:53.025918+00:00 [running]> on host e060654747dc
[2024-11-30T08:39:29.021+0000] {taskinstance.py:2648} INFO - Exporting env vars: AIRFLOW_CTX_DAG_OWNER='***' AIRFLOW_CTX_DAG_ID='complete-dag' AIRFLOW_CTX_TASK_ID='dbt_test_2' AIRFLOW_CTX_EXECUTION_DATE='2024-11-30T08:33:53.025918+00:00' AIRFLOW_CTX_TRY_NUMBER='1' AIRFLOW_CTX_DAG_RUN_ID='manual__2024-11-30T08:33:53.025918+00:00'
[2024-11-30T08:39:29.023+0000] {taskinstance.py:430} INFO - ::endgroup::
[2024-11-30T08:39:29.024+0000] {subprocess.py:63} INFO - Tmp dir root location: /tmp
[2024-11-30T08:39:29.025+0000] {subprocess.py:75} INFO - Running command: ['/usr/bin/bash', '-c', '/home/***/.local/bin/dbt test --profiles-dir /opt/***/dbt_viz --project-dir /opt/***/dbt_viz']
[2024-11-30T08:39:29.047+0000] {subprocess.py:86} INFO - Output:
[2024-11-30T08:39:31.636+0000] {subprocess.py:93} INFO - [0m08:39:31  Running with dbt=1.8.7
[2024-11-30T08:39:32.855+0000] {subprocess.py:93} INFO - [0m08:39:32  Registered adapter: snowflake=1.8.4
[2024-11-30T08:39:33.534+0000] {subprocess.py:93} INFO - [0m08:39:33  Found 4 models, 1 test, 3 sources, 459 macros
[2024-11-30T08:39:33.538+0000] {subprocess.py:93} INFO - [0m08:39:33
[2024-11-30T08:39:36.170+0000] {subprocess.py:93} INFO - [0m08:39:36  Concurrency: 1 threads (target='dev')
[2024-11-30T08:39:36.171+0000] {subprocess.py:93} INFO - [0m08:39:36
[2024-11-30T08:39:36.182+0000] {subprocess.py:93} INFO - [0m08:39:36  1 of 1 START test not_null_energy_historical_forecast_data_period .............. [RUN]
[2024-11-30T08:39:38.228+0000] {subprocess.py:93} INFO - [0m08:39:38  1 of 1 FAIL 4 not_null_energy_historical_forecast_data_period .................. [[31mFAIL 4[0m in 2.04s]
[2024-11-30T08:39:38.234+0000] {subprocess.py:93} INFO - [0m08:39:38
[2024-11-30T08:39:38.235+0000] {subprocess.py:93} INFO - [0m08:39:38  Finished running 1 test in 0 hours 0 minutes and 4.69 seconds (4.69s).
[2024-11-30T08:39:38.304+0000] {subprocess.py:93} INFO - [0m08:39:38
[2024-11-30T08:39:38.306+0000] {subprocess.py:93} INFO - [0m08:39:38  [31mCompleted with 1 error and 0 warnings:[0m
[2024-11-30T08:39:38.307+0000] {subprocess.py:93} INFO - [0m08:39:38
[2024-11-30T08:39:38.308+0000] {subprocess.py:93} INFO - [0m08:39:38  [31mFailure in test not_null_energy_historical_forecast_data_period (models/schema.yml)[0m
[2024-11-30T08:39:38.310+0000] {subprocess.py:93} INFO - [0m08:39:38    Got 4 results, configured to fail if != 0
[2024-11-30T08:39:38.312+0000] {subprocess.py:93} INFO - [0m08:39:38
[2024-11-30T08:39:38.313+0000] {subprocess.py:93} INFO - [0m08:39:38    compiled code at target/compiled/project/models/schema.yml/not_null_energy_historical_forecast_data_period.sql
[2024-11-30T08:39:38.314+0000] {subprocess.py:93} INFO - [0m08:39:38
[2024-11-30T08:39:38.315+0000] {subprocess.py:93} INFO - [0m08:39:38  Done. PASS=0 WARN=0 ERROR=1 SKIP=0 TOTAL=1
[2024-11-30T08:39:39.213+0000] {subprocess.py:97} INFO - Command exited with return code 1
[2024-11-30T08:39:39.214+0000] {taskinstance.py:441} INFO - ::group::Post task execution logs
[2024-11-30T08:39:39.225+0000] {taskinstance.py:2905} ERROR - Task failed with exception
Traceback (most recent call last):
  File "/home/airflow/.local/lib/python3.12/site-packages/airflow/models/taskinstance.py", line 465, in _execute_task
    result = _execute_callable(context=context, **execute_callable_kwargs)
             ^^^^^^^^^^^^^^^^^^^^^^^^^^^^^^^^^^^^^^^^^^^^^^^^^^^^^^^^^^^^^
  File "/home/airflow/.local/lib/python3.12/site-packages/airflow/models/taskinstance.py", line 432, in _execute_callable
    return execute_callable(context=context, **execute_callable_kwargs)
           ^^^^^^^^^^^^^^^^^^^^^^^^^^^^^^^^^^^^^^^^^^^^^^^^^^^^^^^^^^^^
  File "/home/airflow/.local/lib/python3.12/site-packages/airflow/models/baseoperator.py", line 400, in wrapper
    return func(self, *args, **kwargs)
           ^^^^^^^^^^^^^^^^^^^^^^^^^^^
  File "/home/airflow/.local/lib/python3.12/site-packages/airflow/operators/bash.py", line 243, in execute
    raise AirflowException(
airflow.exceptions.AirflowException: Bash command failed. The command returned a non-zero exit code 1.
[2024-11-30T08:39:39.232+0000] {taskinstance.py:1206} INFO - Marking task as FAILED. dag_id=complete-dag, task_id=dbt_test_2, run_id=manual__2024-11-30T08:33:53.025918+00:00, execution_date=20241130T083353, start_date=20241130T083928, end_date=20241130T083939
[2024-11-30T08:39:39.252+0000] {standard_task_runner.py:110} ERROR - Failed to execute job 426 for task dbt_test_2 (Bash command failed. The command returned a non-zero exit code 1.; 2870)
[2024-11-30T08:39:39.283+0000] {local_task_job_runner.py:240} INFO - Task exited with return code 1
[2024-11-30T08:39:39.307+0000] {taskinstance.py:3498} INFO - 0 downstream tasks scheduled from follow-on schedule check
[2024-11-30T08:39:39.314+0000] {local_task_job_runner.py:222} INFO - ::endgroup::
