[2024-11-12T06:27:06.803+0000] {local_task_job_runner.py:120} INFO - ::group::Pre task execution logs
[2024-11-12T06:27:06.963+0000] {taskinstance.py:2076} INFO - Dependencies all met for dep_context=non-requeueable deps ti=<TaskInstance: BuildELT_dbt.dbt_test manual__2024-11-12T06:26:38.876121+00:00 [queued]>
[2024-11-12T06:27:06.978+0000] {taskinstance.py:2076} INFO - Dependencies all met for dep_context=requeueable deps ti=<TaskInstance: BuildELT_dbt.dbt_test manual__2024-11-12T06:26:38.876121+00:00 [queued]>
[2024-11-12T06:27:06.978+0000] {taskinstance.py:2306} INFO - Starting attempt 1 of 1
[2024-11-12T06:27:07.005+0000] {taskinstance.py:2330} INFO - Executing <Task(BashOperator): dbt_test> on 2024-11-12 06:26:38.876121+00:00
[2024-11-12T06:27:07.019+0000] {standard_task_runner.py:90} INFO - Running: ['***', 'tasks', 'run', 'BuildELT_dbt', 'dbt_test', 'manual__2024-11-12T06:26:38.876121+00:00', '--job-id', '155', '--raw', '--subdir', 'DAGS_FOLDER/build_elt_with_dbt.py', '--cfg-path', '/tmp/tmpfipz_wrp']
[2024-11-12T06:27:07.022+0000] {standard_task_runner.py:91} INFO - Job 155: Subtask dbt_test
[2024-11-12T06:27:07.025+0000] {logging_mixin.py:188} WARNING - /home/***/.local/lib/python3.12/site-packages/***/task/task_runner/standard_task_runner.py:61 DeprecationWarning: This process (pid=5310) is multi-threaded, use of fork() may lead to deadlocks in the child.
[2024-11-12T06:27:07.026+0000] {standard_task_runner.py:63} INFO - Started process 5311 to run task
[2024-11-12T06:27:07.125+0000] {task_command.py:426} INFO - Running <TaskInstance: BuildELT_dbt.dbt_test manual__2024-11-12T06:26:38.876121+00:00 [running]> on host e9e87141c083
[2024-11-12T06:27:07.453+0000] {taskinstance.py:2648} INFO - Exporting env vars: AIRFLOW_CTX_DAG_OWNER='***' AIRFLOW_CTX_DAG_ID='BuildELT_dbt' AIRFLOW_CTX_TASK_ID='dbt_test' AIRFLOW_CTX_EXECUTION_DATE='2024-11-12T06:26:38.876121+00:00' AIRFLOW_CTX_TRY_NUMBER='1' AIRFLOW_CTX_DAG_RUN_ID='manual__2024-11-12T06:26:38.876121+00:00'
[2024-11-12T06:27:07.456+0000] {taskinstance.py:430} INFO - ::endgroup::
[2024-11-12T06:27:07.553+0000] {subprocess.py:63} INFO - Tmp dir root location: /tmp
[2024-11-12T06:27:07.569+0000] {subprocess.py:75} INFO - Running command: ['/usr/bin/bash', '-c', '/home/***/.local/bin/dbt test --profiles-dir /opt/***/dbt --project-dir /opt/***/dbt']
[2024-11-12T06:27:07.604+0000] {subprocess.py:86} INFO - Output:
[2024-11-12T06:27:10.547+0000] {subprocess.py:93} INFO - [0m06:27:10  Running with dbt=1.8.7
[2024-11-12T06:27:12.117+0000] {subprocess.py:93} INFO - [0m06:27:12  Registered adapter: snowflake=1.8.4
[2024-11-12T06:27:12.843+0000] {subprocess.py:93} INFO - [0m06:27:12  Found 5 models, 1 snapshot, 2 data tests, 2 sources, 459 macros
[2024-11-12T06:27:12.848+0000] {subprocess.py:93} INFO - [0m06:27:12
[2024-11-12T06:27:14.360+0000] {subprocess.py:93} INFO - [0m06:27:14  Concurrency: 1 threads (target='dev')
[2024-11-12T06:27:14.361+0000] {subprocess.py:93} INFO - [0m06:27:14
[2024-11-12T06:27:14.372+0000] {subprocess.py:93} INFO - [0m06:27:14  1 of 2 START test not_null_stock_indicators_symbol_date_id ..................... [RUN]
[2024-11-12T06:27:15.277+0000] {subprocess.py:93} INFO - [0m06:27:15  1 of 2 ERROR not_null_stock_indicators_symbol_date_id .......................... [[31mERROR[0m in 0.90s]
[2024-11-12T06:27:15.281+0000] {subprocess.py:93} INFO - [0m06:27:15  2 of 2 START test unique_stock_indicators_symbol_date_id ....................... [RUN]
[2024-11-12T06:27:15.813+0000] {subprocess.py:93} INFO - [0m06:27:15  2 of 2 ERROR unique_stock_indicators_symbol_date_id ............................ [[31mERROR[0m in 0.53s]
[2024-11-12T06:27:15.821+0000] {subprocess.py:93} INFO - [0m06:27:15
[2024-11-12T06:27:15.822+0000] {subprocess.py:93} INFO - [0m06:27:15  Finished running 2 data tests in 0 hours 0 minutes and 2.97 seconds (2.97s).
[2024-11-12T06:27:15.907+0000] {subprocess.py:93} INFO - [0m06:27:15
[2024-11-12T06:27:15.908+0000] {subprocess.py:93} INFO - [0m06:27:15  [31mCompleted with 2 errors and 0 warnings:[0m
[2024-11-12T06:27:15.910+0000] {subprocess.py:93} INFO - [0m06:27:15
[2024-11-12T06:27:15.911+0000] {subprocess.py:93} INFO - [0m06:27:15    Database Error in test not_null_stock_indicators_symbol_date_id (models/schema.yml)
[2024-11-12T06:27:15.913+0000] {subprocess.py:93} INFO -   000904 (42000): SQL compilation error: error line 12 at position 7
[2024-11-12T06:27:15.914+0000] {subprocess.py:93} INFO -   invalid identifier 'SYMBOL_DATE_ID'
[2024-11-12T06:27:15.915+0000] {subprocess.py:93} INFO -   compiled code at target/run/lab2/models/schema.yml/not_null_stock_indicators_symbol_date_id.sql
[2024-11-12T06:27:15.917+0000] {subprocess.py:93} INFO - [0m06:27:15
[2024-11-12T06:27:15.918+0000] {subprocess.py:93} INFO - [0m06:27:15    Database Error in test unique_stock_indicators_symbol_date_id (models/schema.yml)
[2024-11-12T06:27:15.919+0000] {subprocess.py:93} INFO -   000904 (42000): SQL compilation error: error line 11 at position 4
[2024-11-12T06:27:15.919+0000] {subprocess.py:93} INFO -   invalid identifier 'SYMBOL_DATE_ID'
[2024-11-12T06:27:15.920+0000] {subprocess.py:93} INFO -   compiled code at target/run/lab2/models/schema.yml/unique_stock_indicators_symbol_date_id.sql
[2024-11-12T06:27:15.921+0000] {subprocess.py:93} INFO - [0m06:27:15
[2024-11-12T06:27:15.921+0000] {subprocess.py:93} INFO - [0m06:27:15  Done. PASS=0 WARN=0 ERROR=2 SKIP=0 TOTAL=2
[2024-11-12T06:27:16.702+0000] {subprocess.py:97} INFO - Command exited with return code 1
[2024-11-12T06:27:16.704+0000] {taskinstance.py:441} INFO - ::group::Post task execution logs
[2024-11-12T06:27:16.717+0000] {taskinstance.py:2905} ERROR - Task failed with exception
Traceback (most recent call last):
  File "/home/airflow/.local/lib/python3.12/site-packages/airflow/models/taskinstance.py", line 465, in _execute_task
    result = _execute_callable(context=context, **execute_callable_kwargs)
             ^^^^^^^^^^^^^^^^^^^^^^^^^^^^^^^^^^^^^^^^^^^^^^^^^^^^^^^^^^^^^
  File "/home/airflow/.local/lib/python3.12/site-packages/airflow/models/taskinstance.py", line 432, in _execute_callable
    return execute_callable(context=context, **execute_callable_kwargs)
           ^^^^^^^^^^^^^^^^^^^^^^^^^^^^^^^^^^^^^^^^^^^^^^^^^^^^^^^^^^^^
  File "/home/airflow/.local/lib/python3.12/site-packages/airflow/models/baseoperator.py", line 400, in wrapper
    return func(self, *args, **kwargs)
           ^^^^^^^^^^^^^^^^^^^^^^^^^^^
  File "/home/airflow/.local/lib/python3.12/site-packages/airflow/operators/bash.py", line 243, in execute
    raise AirflowException(
airflow.exceptions.AirflowException: Bash command failed. The command returned a non-zero exit code 1.
[2024-11-12T06:27:16.740+0000] {taskinstance.py:1206} INFO - Marking task as FAILED. dag_id=BuildELT_dbt, task_id=dbt_test, run_id=manual__2024-11-12T06:26:38.876121+00:00, execution_date=20241112T062638, start_date=20241112T062706, end_date=20241112T062716
[2024-11-12T06:27:16.766+0000] {standard_task_runner.py:110} ERROR - Failed to execute job 155 for task dbt_test (Bash command failed. The command returned a non-zero exit code 1.; 5311)
[2024-11-12T06:27:16.808+0000] {local_task_job_runner.py:240} INFO - Task exited with return code 1
[2024-11-12T06:27:16.834+0000] {taskinstance.py:3498} INFO - 0 downstream tasks scheduled from follow-on schedule check
[2024-11-12T06:27:16.842+0000] {local_task_job_runner.py:222} INFO - ::endgroup::
