[2024-11-29T02:28:06.333+0000] {local_task_job_runner.py:120} INFO - ::group::Pre task execution logs
[2024-11-29T02:28:06.364+0000] {taskinstance.py:2076} INFO - Dependencies all met for dep_context=non-requeueable deps ti=<TaskInstance: dbt-dag.dbt_test manual__2024-11-29T02:27:45.785847+00:00 [queued]>
[2024-11-29T02:28:06.376+0000] {taskinstance.py:2076} INFO - Dependencies all met for dep_context=requeueable deps ti=<TaskInstance: dbt-dag.dbt_test manual__2024-11-29T02:27:45.785847+00:00 [queued]>
[2024-11-29T02:28:06.377+0000] {taskinstance.py:2306} INFO - Starting attempt 1 of 1
[2024-11-29T02:28:06.394+0000] {taskinstance.py:2330} INFO - Executing <Task(BashOperator): dbt_test> on 2024-11-29 02:27:45.785847+00:00
[2024-11-29T02:28:06.404+0000] {standard_task_runner.py:90} INFO - Running: ['***', 'tasks', 'run', 'dbt-dag', 'dbt_test', 'manual__2024-11-29T02:27:45.785847+00:00', '--job-id', '253', '--raw', '--subdir', 'DAGS_FOLDER/dbt-dag.py', '--cfg-path', '/tmp/tmplyksj9wj']
[2024-11-29T02:28:06.406+0000] {standard_task_runner.py:91} INFO - Job 253: Subtask dbt_test
[2024-11-29T02:28:06.409+0000] {logging_mixin.py:188} WARNING - /home/***/.local/lib/python3.12/site-packages/***/task/task_runner/standard_task_runner.py:61 DeprecationWarning: This process (pid=341) is multi-threaded, use of fork() may lead to deadlocks in the child.
[2024-11-29T02:28:06.409+0000] {standard_task_runner.py:63} INFO - Started process 342 to run task
[2024-11-29T02:28:06.463+0000] {task_command.py:426} INFO - Running <TaskInstance: dbt-dag.dbt_test manual__2024-11-29T02:27:45.785847+00:00 [running]> on host fd43cd87157f
[2024-11-29T02:28:06.642+0000] {taskinstance.py:2648} INFO - Exporting env vars: AIRFLOW_CTX_DAG_OWNER='***' AIRFLOW_CTX_DAG_ID='dbt-dag' AIRFLOW_CTX_TASK_ID='dbt_test' AIRFLOW_CTX_EXECUTION_DATE='2024-11-29T02:27:45.785847+00:00' AIRFLOW_CTX_TRY_NUMBER='1' AIRFLOW_CTX_DAG_RUN_ID='manual__2024-11-29T02:27:45.785847+00:00'
[2024-11-29T02:28:06.644+0000] {taskinstance.py:430} INFO - ::endgroup::
[2024-11-29T02:28:06.667+0000] {subprocess.py:63} INFO - Tmp dir root location: /tmp
[2024-11-29T02:28:06.671+0000] {subprocess.py:75} INFO - Running command: ['/usr/bin/bash', '-c', '/home/***/.local/bin/dbt test --profiles-dir /opt/***/dbt --project-dir /opt/***/dbt']
[2024-11-29T02:28:06.682+0000] {subprocess.py:86} INFO - Output:
[2024-11-29T02:28:08.802+0000] {subprocess.py:93} INFO - [0m02:28:08  Running with dbt=1.8.7
[2024-11-29T02:28:09.865+0000] {subprocess.py:93} INFO - [0m02:28:09  Registered adapter: snowflake=1.8.4
[2024-11-29T02:28:10.511+0000] {subprocess.py:93} INFO - [0m02:28:10  Found 5 models, 3 data tests, 3 sources, 459 macros
[2024-11-29T02:28:10.515+0000] {subprocess.py:93} INFO - [0m02:28:10
[2024-11-29T02:28:11.538+0000] {subprocess.py:93} INFO - [0m02:28:11  Concurrency: 1 threads (target='dev')
[2024-11-29T02:28:11.539+0000] {subprocess.py:93} INFO - [0m02:28:11
[2024-11-29T02:28:11.550+0000] {subprocess.py:93} INFO - [0m02:28:11  1 of 3 START test not_null_electricity_weather_viz_ready_energy_per_degree_temp  [RUN]
[2024-11-29T02:28:12.760+0000] {subprocess.py:93} INFO - [0m02:28:12  1 of 3 FAIL 4 not_null_electricity_weather_viz_ready_energy_per_degree_temp .... [[31mFAIL 4[0m in 1.21s]
[2024-11-29T02:28:12.764+0000] {subprocess.py:93} INFO - [0m02:28:12  2 of 3 START test not_null_electricity_weather_viz_ready_subba_energy_mwh ...... [RUN]
[2024-11-29T02:28:13.900+0000] {subprocess.py:93} INFO - [0m02:28:13  2 of 3 PASS not_null_electricity_weather_viz_ready_subba_energy_mwh ............ [[32mPASS[0m in 1.14s]
[2024-11-29T02:28:13.903+0000] {subprocess.py:93} INFO - [0m02:28:13  3 of 3 START test not_null_electricity_weather_viz_ready_total_daily_energy_mwh  [RUN]
[2024-11-29T02:28:14.807+0000] {subprocess.py:93} INFO - [0m02:28:14  3 of 3 PASS not_null_electricity_weather_viz_ready_total_daily_energy_mwh ...... [[32mPASS[0m in 0.90s]
[2024-11-29T02:28:14.812+0000] {subprocess.py:93} INFO - [0m02:28:14
[2024-11-29T02:28:14.813+0000] {subprocess.py:93} INFO - [0m02:28:14  Finished running 3 data tests in 0 hours 0 minutes and 4.30 seconds (4.30s).
[2024-11-29T02:28:14.890+0000] {subprocess.py:93} INFO - [0m02:28:14
[2024-11-29T02:28:14.891+0000] {subprocess.py:93} INFO - [0m02:28:14  [31mCompleted with 1 error and 0 warnings:[0m
[2024-11-29T02:28:14.892+0000] {subprocess.py:93} INFO - [0m02:28:14
[2024-11-29T02:28:14.893+0000] {subprocess.py:93} INFO - [0m02:28:14  [31mFailure in test not_null_electricity_weather_viz_ready_energy_per_degree_temp (models/schema.yml)[0m
[2024-11-29T02:28:14.894+0000] {subprocess.py:93} INFO - [0m02:28:14    Got 4 results, configured to fail if != 0
[2024-11-29T02:28:14.895+0000] {subprocess.py:93} INFO - [0m02:28:14
[2024-11-29T02:28:14.896+0000] {subprocess.py:93} INFO - [0m02:28:14    compiled code at target/compiled/lab2/models/schema.yml/not_null_electricity_weather_viz_ready_energy_per_degree_temp.sql
[2024-11-29T02:28:14.897+0000] {subprocess.py:93} INFO - [0m02:28:14
[2024-11-29T02:28:14.897+0000] {subprocess.py:93} INFO - [0m02:28:14  Done. PASS=2 WARN=0 ERROR=1 SKIP=0 TOTAL=3
[2024-11-29T02:28:15.639+0000] {subprocess.py:97} INFO - Command exited with return code 1
[2024-11-29T02:28:15.640+0000] {taskinstance.py:441} INFO - ::group::Post task execution logs
[2024-11-29T02:28:15.650+0000] {taskinstance.py:2905} ERROR - Task failed with exception
Traceback (most recent call last):
  File "/home/airflow/.local/lib/python3.12/site-packages/airflow/models/taskinstance.py", line 465, in _execute_task
    result = _execute_callable(context=context, **execute_callable_kwargs)
             ^^^^^^^^^^^^^^^^^^^^^^^^^^^^^^^^^^^^^^^^^^^^^^^^^^^^^^^^^^^^^
  File "/home/airflow/.local/lib/python3.12/site-packages/airflow/models/taskinstance.py", line 432, in _execute_callable
    return execute_callable(context=context, **execute_callable_kwargs)
           ^^^^^^^^^^^^^^^^^^^^^^^^^^^^^^^^^^^^^^^^^^^^^^^^^^^^^^^^^^^^
  File "/home/airflow/.local/lib/python3.12/site-packages/airflow/models/baseoperator.py", line 400, in wrapper
    return func(self, *args, **kwargs)
           ^^^^^^^^^^^^^^^^^^^^^^^^^^^
  File "/home/airflow/.local/lib/python3.12/site-packages/airflow/operators/bash.py", line 243, in execute
    raise AirflowException(
airflow.exceptions.AirflowException: Bash command failed. The command returned a non-zero exit code 1.
[2024-11-29T02:28:15.663+0000] {taskinstance.py:1206} INFO - Marking task as FAILED. dag_id=dbt-dag, task_id=dbt_test, run_id=manual__2024-11-29T02:27:45.785847+00:00, execution_date=20241129T022745, start_date=20241129T022806, end_date=20241129T022815
[2024-11-29T02:28:15.682+0000] {standard_task_runner.py:110} ERROR - Failed to execute job 253 for task dbt_test (Bash command failed. The command returned a non-zero exit code 1.; 342)
[2024-11-29T02:28:15.694+0000] {local_task_job_runner.py:240} INFO - Task exited with return code 1
[2024-11-29T02:28:15.714+0000] {taskinstance.py:3498} INFO - 0 downstream tasks scheduled from follow-on schedule check
[2024-11-29T02:28:15.720+0000] {local_task_job_runner.py:222} INFO - ::endgroup::
