[2024-11-12T03:22:16.183+0000] {local_task_job_runner.py:120} INFO - ::group::Pre task execution logs
[2024-11-12T03:22:16.425+0000] {taskinstance.py:2076} INFO - Dependencies all met for dep_context=non-requeueable deps ti=<TaskInstance: BuildELT_dbt.dbt_run manual__2024-11-12T03:22:14.886827+00:00 [queued]>
[2024-11-12T03:22:16.442+0000] {taskinstance.py:2076} INFO - Dependencies all met for dep_context=requeueable deps ti=<TaskInstance: BuildELT_dbt.dbt_run manual__2024-11-12T03:22:14.886827+00:00 [queued]>
[2024-11-12T03:22:16.443+0000] {taskinstance.py:2306} INFO - Starting attempt 1 of 1
[2024-11-12T03:22:16.481+0000] {taskinstance.py:2330} INFO - Executing <Task(BashOperator): dbt_run> on 2024-11-12 03:22:14.886827+00:00
[2024-11-12T03:22:16.493+0000] {standard_task_runner.py:90} INFO - Running: ['***', 'tasks', 'run', 'BuildELT_dbt', 'dbt_run', 'manual__2024-11-12T03:22:14.886827+00:00', '--job-id', '141', '--raw', '--subdir', 'DAGS_FOLDER/build_elt_with_dbt.py', '--cfg-path', '/tmp/tmpcavvsq85']
[2024-11-12T03:22:16.495+0000] {standard_task_runner.py:91} INFO - Job 141: Subtask dbt_run
[2024-11-12T03:22:16.496+0000] {logging_mixin.py:188} WARNING - /home/***/.local/lib/python3.12/site-packages/***/task/task_runner/standard_task_runner.py:61 DeprecationWarning: This process (pid=1694) is multi-threaded, use of fork() may lead to deadlocks in the child.
[2024-11-12T03:22:16.497+0000] {standard_task_runner.py:63} INFO - Started process 1695 to run task
[2024-11-12T03:22:16.607+0000] {task_command.py:426} INFO - Running <TaskInstance: BuildELT_dbt.dbt_run manual__2024-11-12T03:22:14.886827+00:00 [running]> on host e9e87141c083
[2024-11-12T03:22:17.019+0000] {taskinstance.py:2648} INFO - Exporting env vars: AIRFLOW_CTX_DAG_OWNER='***' AIRFLOW_CTX_DAG_ID='BuildELT_dbt' AIRFLOW_CTX_TASK_ID='dbt_run' AIRFLOW_CTX_EXECUTION_DATE='2024-11-12T03:22:14.886827+00:00' AIRFLOW_CTX_TRY_NUMBER='1' AIRFLOW_CTX_DAG_RUN_ID='manual__2024-11-12T03:22:14.886827+00:00'
[2024-11-12T03:22:17.020+0000] {taskinstance.py:430} INFO - ::endgroup::
[2024-11-12T03:22:17.065+0000] {subprocess.py:63} INFO - Tmp dir root location: /tmp
[2024-11-12T03:22:17.068+0000] {subprocess.py:75} INFO - Running command: ['/usr/bin/bash', '-c', '/home/***/.local/bin/dbt run --profiles-dir /opt/***/dbt --project-dir /opt/***/dbt']
[2024-11-12T03:22:17.082+0000] {subprocess.py:86} INFO - Output:
[2024-11-12T03:22:21.189+0000] {subprocess.py:93} INFO - [0m03:22:21  Running with dbt=1.8.7
[2024-11-12T03:22:23.699+0000] {subprocess.py:93} INFO - [0m03:22:23  Registered adapter: snowflake=1.8.4
[2024-11-12T03:22:23.903+0000] {subprocess.py:93} INFO - [0m03:22:23  Unable to do partial parsing because saved manifest not found. Starting full parse.
[2024-11-12T03:22:26.195+0000] {subprocess.py:93} INFO - [0m03:22:26  Found 5 models, 1 snapshot, 2 data tests, 2 sources, 459 macros
[2024-11-12T03:22:26.200+0000] {subprocess.py:93} INFO - [0m03:22:26
[2024-11-12T03:22:28.150+0000] {subprocess.py:93} INFO - [0m03:22:28  Concurrency: 1 threads (target='dev')
[2024-11-12T03:22:28.157+0000] {subprocess.py:93} INFO - [0m03:22:28
[2024-11-12T03:22:28.378+0000] {subprocess.py:93} INFO - [0m03:22:28  1 of 1 START sql table model analytics.stock_indicators ........................ [RUN]
[2024-11-12T03:22:29.174+0000] {subprocess.py:93} INFO - [0m03:22:29  1 of 1 ERROR creating sql table model analytics.stock_indicators ............... [[31mERROR[0m in 0.79s]
[2024-11-12T03:22:29.180+0000] {subprocess.py:93} INFO - [0m03:22:29
[2024-11-12T03:22:29.181+0000] {subprocess.py:93} INFO - [0m03:22:29  Finished running 1 table model in 0 hours 0 minutes and 2.98 seconds (2.98s).
[2024-11-12T03:22:29.243+0000] {subprocess.py:93} INFO - [0m03:22:29
[2024-11-12T03:22:29.244+0000] {subprocess.py:93} INFO - [0m03:22:29  [31mCompleted with 1 error and 0 warnings:[0m
[2024-11-12T03:22:29.245+0000] {subprocess.py:93} INFO - [0m03:22:29
[2024-11-12T03:22:29.246+0000] {subprocess.py:93} INFO - [0m03:22:29    Database Error in model stock_indicators (models/output/stock_indicators.sql)
[2024-11-12T03:22:29.247+0000] {subprocess.py:93} INFO -   001003 (42000): SQL compilation error:
[2024-11-12T03:22:29.247+0000] {subprocess.py:93} INFO -   syntax error line 86 at position 4 unexpected 'daily'.
[2024-11-12T03:22:29.247+0000] {subprocess.py:93} INFO -   syntax error line 86 at position 36 unexpected 'a'.
[2024-11-12T03:22:29.248+0000] {subprocess.py:93} INFO -   compiled code at target/run/lab2/models/output/stock_indicators.sql
[2024-11-12T03:22:29.248+0000] {subprocess.py:93} INFO - [0m03:22:29
[2024-11-12T03:22:29.249+0000] {subprocess.py:93} INFO - [0m03:22:29  Done. PASS=0 WARN=0 ERROR=1 SKIP=0 TOTAL=1
[2024-11-12T03:22:30.056+0000] {subprocess.py:97} INFO - Command exited with return code 1
[2024-11-12T03:22:30.059+0000] {taskinstance.py:441} INFO - ::group::Post task execution logs
[2024-11-12T03:22:30.070+0000] {taskinstance.py:2905} ERROR - Task failed with exception
Traceback (most recent call last):
  File "/home/airflow/.local/lib/python3.12/site-packages/airflow/models/taskinstance.py", line 465, in _execute_task
    result = _execute_callable(context=context, **execute_callable_kwargs)
             ^^^^^^^^^^^^^^^^^^^^^^^^^^^^^^^^^^^^^^^^^^^^^^^^^^^^^^^^^^^^^
  File "/home/airflow/.local/lib/python3.12/site-packages/airflow/models/taskinstance.py", line 432, in _execute_callable
    return execute_callable(context=context, **execute_callable_kwargs)
           ^^^^^^^^^^^^^^^^^^^^^^^^^^^^^^^^^^^^^^^^^^^^^^^^^^^^^^^^^^^^
  File "/home/airflow/.local/lib/python3.12/site-packages/airflow/models/baseoperator.py", line 400, in wrapper
    return func(self, *args, **kwargs)
           ^^^^^^^^^^^^^^^^^^^^^^^^^^^
  File "/home/airflow/.local/lib/python3.12/site-packages/airflow/operators/bash.py", line 243, in execute
    raise AirflowException(
airflow.exceptions.AirflowException: Bash command failed. The command returned a non-zero exit code 1.
[2024-11-12T03:22:30.081+0000] {taskinstance.py:1206} INFO - Marking task as FAILED. dag_id=BuildELT_dbt, task_id=dbt_run, run_id=manual__2024-11-12T03:22:14.886827+00:00, execution_date=20241112T032214, start_date=20241112T032216, end_date=20241112T032230
[2024-11-12T03:22:30.115+0000] {standard_task_runner.py:110} ERROR - Failed to execute job 141 for task dbt_run (Bash command failed. The command returned a non-zero exit code 1.; 1695)
[2024-11-12T03:22:30.166+0000] {local_task_job_runner.py:240} INFO - Task exited with return code 1
[2024-11-12T03:22:30.215+0000] {taskinstance.py:3498} INFO - 0 downstream tasks scheduled from follow-on schedule check
[2024-11-12T03:22:30.225+0000] {local_task_job_runner.py:222} INFO - ::endgroup::
