[2024-12-05T07:11:55.723+0000] {local_task_job_runner.py:120} INFO - ::group::Pre task execution logs
[2024-12-05T07:11:55.768+0000] {taskinstance.py:2076} INFO - Dependencies all met for dep_context=non-requeueable deps ti=<TaskInstance: complete-dag.dbt_run scheduled__2024-12-03T20:40:00+00:00 [queued]>
[2024-12-05T07:11:55.780+0000] {taskinstance.py:2076} INFO - Dependencies all met for dep_context=requeueable deps ti=<TaskInstance: complete-dag.dbt_run scheduled__2024-12-03T20:40:00+00:00 [queued]>
[2024-12-05T07:11:55.782+0000] {taskinstance.py:2306} INFO - Starting attempt 1 of 1
[2024-12-05T07:11:55.801+0000] {taskinstance.py:2330} INFO - Executing <Task(BashOperator): dbt_run> on 2024-12-03 20:40:00+00:00
[2024-12-05T07:11:55.816+0000] {standard_task_runner.py:90} INFO - Running: ['***', 'tasks', 'run', 'complete-dag', 'dbt_run', 'scheduled__2024-12-03T20:40:00+00:00', '--job-id', '485', '--raw', '--subdir', 'DAGS_FOLDER/complete_dag.py', '--cfg-path', '/tmp/tmpdj6h26yw']
[2024-12-05T07:11:55.818+0000] {standard_task_runner.py:91} INFO - Job 485: Subtask dbt_run
[2024-12-05T07:11:55.821+0000] {logging_mixin.py:188} WARNING - /home/***/.local/lib/python3.12/site-packages/***/task/task_runner/standard_task_runner.py:61 DeprecationWarning: This process (pid=312) is multi-threaded, use of fork() may lead to deadlocks in the child.
[2024-12-05T07:11:55.822+0000] {standard_task_runner.py:63} INFO - Started process 319 to run task
[2024-12-05T07:11:55.887+0000] {task_command.py:426} INFO - Running <TaskInstance: complete-dag.dbt_run scheduled__2024-12-03T20:40:00+00:00 [running]> on host e060654747dc
[2024-12-05T07:11:56.089+0000] {taskinstance.py:2648} INFO - Exporting env vars: AIRFLOW_CTX_DAG_OWNER='***' AIRFLOW_CTX_DAG_ID='complete-dag' AIRFLOW_CTX_TASK_ID='dbt_run' AIRFLOW_CTX_EXECUTION_DATE='2024-12-03T20:40:00+00:00' AIRFLOW_CTX_TRY_NUMBER='1' AIRFLOW_CTX_DAG_RUN_ID='scheduled__2024-12-03T20:40:00+00:00'
[2024-12-05T07:11:56.091+0000] {taskinstance.py:430} INFO - ::endgroup::
[2024-12-05T07:11:56.092+0000] {subprocess.py:63} INFO - Tmp dir root location: /tmp
[2024-12-05T07:11:56.093+0000] {subprocess.py:75} INFO - Running command: ['/usr/bin/bash', '-c', '/home/***/.local/bin/dbt run --profiles-dir /opt/***/dbt --project-dir /opt/***/dbt']
[2024-12-05T07:11:56.112+0000] {subprocess.py:86} INFO - Output:
[2024-12-05T07:12:00.448+0000] {subprocess.py:93} INFO - [0m07:12:00  Running with dbt=1.8.7
[2024-12-05T07:12:02.264+0000] {subprocess.py:93} INFO - [0m07:12:02  Registered adapter: snowflake=1.8.4
[2024-12-05T07:12:03.713+0000] {subprocess.py:93} INFO - [0m07:12:03  [[33mWARNING[0m]: Deprecated functionality
[2024-12-05T07:12:03.714+0000] {subprocess.py:93} INFO - The `tests` config has been renamed to `data_tests`. Please see
[2024-12-05T07:12:03.715+0000] {subprocess.py:93} INFO - https://docs.getdbt.com/docs/build/data-tests#new-data_tests-syntax for more
[2024-12-05T07:12:03.715+0000] {subprocess.py:93} INFO - information.
[2024-12-05T07:12:04.147+0000] {subprocess.py:93} INFO - [0m07:12:04  Found 5 models, 2 snapshots, 1 test, 4 sources, 459 macros
[2024-12-05T07:12:04.152+0000] {subprocess.py:93} INFO - [0m07:12:04
[2024-12-05T07:12:06.331+0000] {subprocess.py:93} INFO - [0m07:12:06  Concurrency: 1 threads (target='dev')
[2024-12-05T07:12:06.333+0000] {subprocess.py:93} INFO - [0m07:12:06
[2024-12-05T07:12:06.477+0000] {subprocess.py:93} INFO - [0m07:12:06  1 of 2 START sql table model analytics.weather_forecast_processed .............. [RUN]
[2024-12-05T07:12:07.303+0000] {subprocess.py:93} INFO - [0m07:12:07  1 of 2 ERROR creating sql table model analytics.weather_forecast_processed ..... [[31mERROR[0m in 0.82s]
[2024-12-05T07:12:07.310+0000] {subprocess.py:93} INFO - [0m07:12:07  2 of 2 START sql table model analytics.electricity_weather_historical .......... [RUN]
[2024-12-05T07:12:07.955+0000] {subprocess.py:93} INFO - [0m07:12:07  2 of 2 ERROR creating sql table model analytics.electricity_weather_historical . [[31mERROR[0m in 0.64s]
[2024-12-05T07:12:07.965+0000] {subprocess.py:93} INFO - [0m07:12:07
[2024-12-05T07:12:07.967+0000] {subprocess.py:93} INFO - [0m07:12:07  Finished running 2 table models in 0 hours 0 minutes and 3.81 seconds (3.81s).
[2024-12-05T07:12:08.250+0000] {subprocess.py:93} INFO - [0m07:12:08
[2024-12-05T07:12:08.252+0000] {subprocess.py:93} INFO - [0m07:12:08  [31mCompleted with 2 errors and 0 warnings:[0m
[2024-12-05T07:12:08.254+0000] {subprocess.py:93} INFO - [0m07:12:08
[2024-12-05T07:12:08.257+0000] {subprocess.py:93} INFO - [0m07:12:08    Database Error in model weather_forecast_processed (models/output/weather_forecast_processed.sql)
[2024-12-05T07:12:08.257+0000] {subprocess.py:93} INFO -   002140 (42601): SQL compilation error:
[2024-12-05T07:12:08.258+0000] {subprocess.py:93} INFO -   Unknown function CONCATENATE
[2024-12-05T07:12:08.259+0000] {subprocess.py:93} INFO -   compiled code at target/run/project/models/output/weather_forecast_processed.sql
[2024-12-05T07:12:08.260+0000] {subprocess.py:93} INFO - [0m07:12:08
[2024-12-05T07:12:08.260+0000] {subprocess.py:93} INFO - [0m07:12:08    Database Error in model electricity_weather_historical (models/output/electricity_weather_historical.sql)
[2024-12-05T07:12:08.261+0000] {subprocess.py:93} INFO -   002028 (42601): SQL compilation error:
[2024-12-05T07:12:08.262+0000] {subprocess.py:93} INFO -   ambiguous column name 'PERIOD'
[2024-12-05T07:12:08.262+0000] {subprocess.py:93} INFO -   compiled code at target/run/project/models/output/electricity_weather_historical.sql
[2024-12-05T07:12:08.263+0000] {subprocess.py:93} INFO - [0m07:12:08
[2024-12-05T07:12:08.265+0000] {subprocess.py:93} INFO - [0m07:12:08  Done. PASS=0 WARN=0 ERROR=2 SKIP=0 TOTAL=2
[2024-12-05T07:12:09.386+0000] {subprocess.py:97} INFO - Command exited with return code 1
[2024-12-05T07:12:09.388+0000] {taskinstance.py:441} INFO - ::group::Post task execution logs
[2024-12-05T07:12:09.408+0000] {taskinstance.py:2905} ERROR - Task failed with exception
Traceback (most recent call last):
  File "/home/airflow/.local/lib/python3.12/site-packages/airflow/models/taskinstance.py", line 465, in _execute_task
    result = _execute_callable(context=context, **execute_callable_kwargs)
             ^^^^^^^^^^^^^^^^^^^^^^^^^^^^^^^^^^^^^^^^^^^^^^^^^^^^^^^^^^^^^
  File "/home/airflow/.local/lib/python3.12/site-packages/airflow/models/taskinstance.py", line 432, in _execute_callable
    return execute_callable(context=context, **execute_callable_kwargs)
           ^^^^^^^^^^^^^^^^^^^^^^^^^^^^^^^^^^^^^^^^^^^^^^^^^^^^^^^^^^^^
  File "/home/airflow/.local/lib/python3.12/site-packages/airflow/models/baseoperator.py", line 400, in wrapper
    return func(self, *args, **kwargs)
           ^^^^^^^^^^^^^^^^^^^^^^^^^^^
  File "/home/airflow/.local/lib/python3.12/site-packages/airflow/operators/bash.py", line 243, in execute
    raise AirflowException(
airflow.exceptions.AirflowException: Bash command failed. The command returned a non-zero exit code 1.
[2024-12-05T07:12:09.417+0000] {taskinstance.py:1206} INFO - Marking task as FAILED. dag_id=complete-dag, task_id=dbt_run, run_id=scheduled__2024-12-03T20:40:00+00:00, execution_date=20241203T204000, start_date=20241205T071155, end_date=20241205T071209
[2024-12-05T07:12:09.451+0000] {standard_task_runner.py:110} ERROR - Failed to execute job 485 for task dbt_run (Bash command failed. The command returned a non-zero exit code 1.; 319)
[2024-12-05T07:12:09.498+0000] {local_task_job_runner.py:240} INFO - Task exited with return code 1
[2024-12-05T07:12:09.512+0000] {local_task_job_runner.py:222} INFO - ::endgroup::
